<?xml version="1.0" encoding="UTF-8"?>
<TestRun id="c8c14d4b-3454-42b4-9868-d13c159a1e1f" name="Tordek@TORDEK-PC 2010-09-16 21:15:48" runUser="Tordek-PC\Tordek" xmlns="http://microsoft.com/schemas/VisualStudio/TeamTest/2010">
  <TestSettings name="Local" id="c7b5a916-ae87-4048-b6db-272523a01ffc">
    <Description>These are default test settings for a local test run.</Description>
    <Deployment userDeploymentRoot="C:\Users\Tordek\Documents\Visual Studio 2010\Projects\Banco\TestResults" useDefaultDeploymentRoot="false" enabled="false" runDeploymentRoot="Tordek_TORDEK-PC 2010-09-16 21_15_48">
      <DeploymentItem filename="C:\Users\Tordek\Documents\Visual Studio 2010\Projects\Banco\Banco\bin\Debug\Banco.dll" />
    </Deployment>
    <Execution>
      <TestTypeSpecific />
      <AgentRule name="Execution Agents">
      </AgentRule>
    </Execution>
  </TestSettings>
  <Times creation="2010-09-16T21:15:48.9517117-03:00" queuing="2010-09-16T21:15:49.9501134-03:00" start="2010-09-16T21:15:50.0749136-03:00" finish="2010-09-16T21:15:51.2137156-03:00" />
  <ResultSummary outcome="Completed">
    <Counters total="1" executed="1" passed="1" error="0" failed="0" timeout="0" aborted="0" inconclusive="0" passedButRunAborted="0" notRunnable="0" notExecuted="0" disconnected="0" warning="0" completed="0" inProgress="0" pending="0" />
  </ResultSummary>
  <TestDefinitions>
    <UnitTest name="deveria_trazer_uma_string_de_conexao_valida" storage="c:\users\tordek\documents\visual studio 2010\projects\banco\reservateste\bin\debug\reservateste.dll" id="5b0c8c01-c598-a514-dc4b-ca0c241a0069">
      <Execution id="e7f5c0bf-0448-4d1b-ad74-ac50fa6c4433" />
      <TestMethod codeBase="C:/Users/Tordek/Documents/Visual Studio 2010/Projects/Banco/ReservaTeste/bin/Debug/ReservaTeste.DLL" adapterTypeName="Microsoft.VisualStudio.TestTools.TestTypes.Unit.UnitTestAdapter, Microsoft.VisualStudio.QualityTools.Tips.UnitTest.Adapter, Version=10.0.0.0, Culture=neutral, PublicKeyToken=b03f5f7f11d50a3a" className="BancoTest.BancoTest, ReservaTeste, Version=1.0.0.0, Culture=neutral, PublicKeyToken=null" name="deveria_trazer_uma_string_de_conexao_valida" />
    </UnitTest>
  </TestDefinitions>
  <TestLists>
    <TestList name="Results Not in a List" id="8c84fa94-04c1-424b-9868-57a2d4851a1d" />
    <TestList name="All Loaded Results" id="19431567-8539-422a-85d7-44ee4e166bda" />
  </TestLists>
  <TestEntries>
    <TestEntry testId="5b0c8c01-c598-a514-dc4b-ca0c241a0069" executionId="e7f5c0bf-0448-4d1b-ad74-ac50fa6c4433" testListId="8c84fa94-04c1-424b-9868-57a2d4851a1d" />
  </TestEntries>
  <Results>
    <UnitTestResult executionId="e7f5c0bf-0448-4d1b-ad74-ac50fa6c4433" testId="5b0c8c01-c598-a514-dc4b-ca0c241a0069" testName="deveria_trazer_uma_string_de_conexao_valida" computerName="TORDEK-PC" duration="00:00:00.0215960" startTime="2010-09-16T21:15:50.1997138-03:00" endTime="2010-09-16T21:15:51.0889154-03:00" testType="13cdc9d9-ddb5-4fa4-a97d-d965ccfc6d4b" outcome="Passed" testListId="8c84fa94-04c1-424b-9868-57a2d4851a1d" relativeResultsDirectory="e7f5c0bf-0448-4d1b-ad74-ac50fa6c4433">
    </UnitTestResult>
  </Results>
</TestRun>