<?xml version="1.0" encoding="UTF-8"?>
<TestRun id="d2cd5b88-6040-41c6-8cff-a084aa527c62" name="Tordek@TORDEK-PC 2010-09-25 15:17:36" runUser="Tordek-PC\Tordek" xmlns="http://microsoft.com/schemas/VisualStudio/TeamTest/2010">
  <TestSettings name="Local" id="c7b5a916-ae87-4048-b6db-272523a01ffc">
    <Description>These are default test settings for a local test run.</Description>
    <Deployment enabled="false" runDeploymentRoot="Tordek_TORDEK-PC 2010-09-25 15_17_36">
      <DeploymentItem filename="C:\Users\Tordek\Documents\Visual Studio 2010\Projects\Banco\Banco\bin\Debug\Banco.dll" />
    </Deployment>
    <Execution>
      <TestTypeSpecific />
      <AgentRule name="Execution Agents">
      </AgentRule>
    </Execution>
  </TestSettings>
  <Times creation="2010-09-25T15:17:36.1278789-03:00" queuing="2010-09-25T15:17:37.0299305-03:00" start="2010-09-25T15:17:37.1639382-03:00" finish="2010-09-25T15:17:47.4012606-03:00" />
  <ResultSummary outcome="Error">
    <Counters total="9" executed="2" passed="1" error="0" failed="0" timeout="0" aborted="1" inconclusive="0" passedButRunAborted="0" notRunnable="0" notExecuted="7" disconnected="0" warning="0" completed="0" inProgress="0" pending="0" />
    <RunInfos>
      <RunInfo computerName="TORDEK-PC" outcome="Error" timestamp="2010-09-25T15:17:47.3922601-03:00">
        <Text>Test host process exited unexpectedly.</Text>
      </RunInfo>
    </RunInfos>
  </ResultSummary>
  <TestDefinitions>
    <UnitTest name="deveria_trazer_conexao" storage="c:\users\tordek\documents\visual studio 2010\projects\banco\reservateste\bin\debug\reservateste.dll" id="d8d3a8ab-205a-77b5-e05f-6f84170efb50">
      <Execution id="e49bcb09-80e8-4da0-94f2-281a022153fd" />
      <TestMethod codeBase="C:/Users/Tordek/Documents/Visual Studio 2010/Projects/Banco/ReservaTeste/bin/Debug/ReservaTeste.DLL" adapterTypeName="Microsoft.VisualStudio.TestTools.TestTypes.Unit.UnitTestAdapter, Microsoft.VisualStudio.QualityTools.Tips.UnitTest.Adapter, Version=10.0.0.0, Culture=neutral, PublicKeyToken=b03f5f7f11d50a3a" className="ReservaTeste.ConnectionTest, ReservaTeste, Version=1.0.0.0, Culture=neutral, PublicKeyToken=null" name="deveria_trazer_conexao" />
    </UnitTest>
    <UnitTest name="deveria_buscar_usuario_pelo_Command_denovo" storage="c:\users\tordek\documents\visual studio 2010\projects\banco\reservateste\bin\debug\reservateste.dll" id="b019bf55-10f0-69c2-90ef-961bd4361fe3">
      <Execution id="e6ff9dc4-e3ec-4444-8fea-930f6d5cf467" />
      <TestMethod codeBase="C:/Users/Tordek/Documents/Visual Studio 2010/Projects/Banco/ReservaTeste/bin/Debug/ReservaTeste.DLL" adapterTypeName="Microsoft.VisualStudio.TestTools.TestTypes.Unit.UnitTestAdapter, Microsoft.VisualStudio.QualityTools.Tips.UnitTest.Adapter, Version=10.0.0.0, Culture=neutral, PublicKeyToken=b03f5f7f11d50a3a" className="ReservaTeste.ConnectionTest, ReservaTeste, Version=1.0.0.0, Culture=neutral, PublicKeyToken=null" name="deveria_buscar_usuario_pelo_Command_denovo" />
    </UnitTest>
    <UnitTest name="deveria_trazer_um_DataTable_com_contedo" storage="c:\users\tordek\documents\visual studio 2010\projects\banco\reservateste\bin\debug\reservateste.dll" id="4101630f-354f-73bc-96fc-c0c91d3301a3">
      <Execution id="93f9a89d-e39f-41de-a5be-a2478642ba12" />
      <TestMethod codeBase="C:/Users/Tordek/Documents/Visual Studio 2010/Projects/Banco/ReservaTeste/bin/Debug/ReservaTeste.DLL" adapterTypeName="Microsoft.VisualStudio.TestTools.TestTypes.Unit.UnitTestAdapter, Microsoft.VisualStudio.QualityTools.Tips.UnitTest.Adapter, Version=10.0.0.0, Culture=neutral, PublicKeyToken=b03f5f7f11d50a3a" className="BancoTest.BancoTest, ReservaTeste, Version=1.0.0.0, Culture=neutral, PublicKeyToken=null" name="deveria_trazer_um_DataTable_com_contedo" />
    </UnitTest>
    <UnitTest name="deveria_ter_o_mesmo_hash" storage="c:\users\tordek\documents\visual studio 2010\projects\banco\reservateste\bin\debug\reservateste.dll" id="9942daa5-a064-c005-2ef9-636721b2e10a">
      <Execution id="2f7c3570-d3f8-492e-b87b-5af9cca9fd71" />
      <TestMethod codeBase="C:/Users/Tordek/Documents/Visual Studio 2010/Projects/Banco/ReservaTeste/bin/Debug/ReservaTeste.DLL" adapterTypeName="Microsoft.VisualStudio.TestTools.TestTypes.Unit.UnitTestAdapter, Microsoft.VisualStudio.QualityTools.Tips.UnitTest.Adapter, Version=10.0.0.0, Culture=neutral, PublicKeyToken=b03f5f7f11d50a3a" className="ReservaTeste.ConnectionTest, ReservaTeste, Version=1.0.0.0, Culture=neutral, PublicKeyToken=null" name="deveria_ter_o_mesmo_hash" />
    </UnitTest>
    <UnitTest name="deveria_trazer_um_DataTable" storage="c:\users\tordek\documents\visual studio 2010\projects\banco\reservateste\bin\debug\reservateste.dll" id="bd4154a3-bb77-e24c-6eb0-af1c9ba69852">
      <Execution id="306fd20b-bf5c-448d-a592-0d3739b27c25" />
      <TestMethod codeBase="C:/Users/Tordek/Documents/Visual Studio 2010/Projects/Banco/ReservaTeste/bin/Debug/ReservaTeste.DLL" adapterTypeName="Microsoft.VisualStudio.TestTools.TestTypes.Unit.UnitTestAdapter, Microsoft.VisualStudio.QualityTools.Tips.UnitTest.Adapter, Version=10.0.0.0, Culture=neutral, PublicKeyToken=b03f5f7f11d50a3a" className="BancoTest.BancoTest, ReservaTeste, Version=1.0.0.0, Culture=neutral, PublicKeyToken=null" name="deveria_trazer_um_DataTable" />
    </UnitTest>
    <UnitTest name="deveria_buscar_usuario_pelo_Command" storage="c:\users\tordek\documents\visual studio 2010\projects\banco\reservateste\bin\debug\reservateste.dll" id="69856786-12ed-7c5e-530e-466e9cf89972">
      <Execution id="f61e3854-e2b1-48a1-bf75-e3dc39f94099" />
      <TestMethod codeBase="C:/Users/Tordek/Documents/Visual Studio 2010/Projects/Banco/ReservaTeste/bin/Debug/ReservaTeste.DLL" adapterTypeName="Microsoft.VisualStudio.TestTools.TestTypes.Unit.UnitTestAdapter, Microsoft.VisualStudio.QualityTools.Tips.UnitTest.Adapter, Version=10.0.0.0, Culture=neutral, PublicKeyToken=b03f5f7f11d50a3a" className="ReservaTeste.ConnectionTest, ReservaTeste, Version=1.0.0.0, Culture=neutral, PublicKeyToken=null" name="deveria_buscar_usuario_pelo_Command" />
    </UnitTest>
    <UnitTest name="deveria_ler_um_objeto_sqldatareade" storage="c:\users\tordek\documents\visual studio 2010\projects\banco\reservateste\bin\debug\reservateste.dll" id="28a00470-f93f-a7e1-ba72-23860b4b3d55">
      <Execution id="873359d6-7f01-458f-8971-2c867af40a7e" />
      <TestMethod codeBase="C:/Users/Tordek/Documents/Visual Studio 2010/Projects/Banco/ReservaTeste/bin/Debug/ReservaTeste.DLL" adapterTypeName="Microsoft.VisualStudio.TestTools.TestTypes.Unit.UnitTestAdapter, Microsoft.VisualStudio.QualityTools.Tips.UnitTest.Adapter, Version=10.0.0.0, Culture=neutral, PublicKeyToken=b03f5f7f11d50a3a" className="BancoTest.BancoTest, ReservaTeste, Version=1.0.0.0, Culture=neutral, PublicKeyToken=null" name="deveria_ler_um_objeto_sqldatareade" />
    </UnitTest>
    <UnitTest name="deveria_instanciar_uma_conexao_com_o_banco" storage="c:\users\tordek\documents\visual studio 2010\projects\banco\reservateste\bin\debug\reservateste.dll" id="76cb79dd-aea1-a129-200c-53fbfca57274">
      <Execution id="595f296a-430b-4fad-9291-7d466952e379" />
      <TestMethod codeBase="C:/Users/Tordek/Documents/Visual Studio 2010/Projects/Banco/ReservaTeste/bin/Debug/ReservaTeste.DLL" adapterTypeName="Microsoft.VisualStudio.TestTools.TestTypes.Unit.UnitTestAdapter, Microsoft.VisualStudio.QualityTools.Tips.UnitTest.Adapter, Version=10.0.0.0, Culture=neutral, PublicKeyToken=b03f5f7f11d50a3a" className="ReservaTeste.ConnectionTest, ReservaTeste, Version=1.0.0.0, Culture=neutral, PublicKeyToken=null" name="deveria_instanciar_uma_conexao_com_o_banco" />
    </UnitTest>
    <UnitTest name="deveria_ler_um_objeto_sqldatareader_duas_vezes" storage="c:\users\tordek\documents\visual studio 2010\projects\banco\reservateste\bin\debug\reservateste.dll" id="65af4af8-fa85-8246-83fb-d31c4b799c87">
      <Execution id="5b4cf7c2-4c83-4850-9f70-952bd0455857" />
      <TestMethod codeBase="C:/Users/Tordek/Documents/Visual Studio 2010/Projects/Banco/ReservaTeste/bin/Debug/ReservaTeste.DLL" adapterTypeName="Microsoft.VisualStudio.TestTools.TestTypes.Unit.UnitTestAdapter, Microsoft.VisualStudio.QualityTools.Tips.UnitTest.Adapter, Version=10.0.0.0, Culture=neutral, PublicKeyToken=b03f5f7f11d50a3a" className="BancoTest.BancoTest, ReservaTeste, Version=1.0.0.0, Culture=neutral, PublicKeyToken=null" name="deveria_ler_um_objeto_sqldatareader_duas_vezes" />
    </UnitTest>
  </TestDefinitions>
  <TestLists>
    <TestList name="Results Not in a List" id="8c84fa94-04c1-424b-9868-57a2d4851a1d" />
    <TestList name="All Loaded Results" id="19431567-8539-422a-85d7-44ee4e166bda" />
  </TestLists>
  <TestEntries>
    <TestEntry testId="28a00470-f93f-a7e1-ba72-23860b4b3d55" executionId="873359d6-7f01-458f-8971-2c867af40a7e" testListId="8c84fa94-04c1-424b-9868-57a2d4851a1d" />
    <TestEntry testId="4101630f-354f-73bc-96fc-c0c91d3301a3" executionId="93f9a89d-e39f-41de-a5be-a2478642ba12" testListId="8c84fa94-04c1-424b-9868-57a2d4851a1d" />
    <TestEntry testId="65af4af8-fa85-8246-83fb-d31c4b799c87" executionId="5b4cf7c2-4c83-4850-9f70-952bd0455857" testListId="8c84fa94-04c1-424b-9868-57a2d4851a1d" />
    <TestEntry testId="69856786-12ed-7c5e-530e-466e9cf89972" executionId="f61e3854-e2b1-48a1-bf75-e3dc39f94099" testListId="8c84fa94-04c1-424b-9868-57a2d4851a1d" />
    <TestEntry testId="76cb79dd-aea1-a129-200c-53fbfca57274" executionId="595f296a-430b-4fad-9291-7d466952e379" testListId="8c84fa94-04c1-424b-9868-57a2d4851a1d" />
    <TestEntry testId="9942daa5-a064-c005-2ef9-636721b2e10a" executionId="2f7c3570-d3f8-492e-b87b-5af9cca9fd71" testListId="8c84fa94-04c1-424b-9868-57a2d4851a1d" />
    <TestEntry testId="b019bf55-10f0-69c2-90ef-961bd4361fe3" executionId="e6ff9dc4-e3ec-4444-8fea-930f6d5cf467" testListId="8c84fa94-04c1-424b-9868-57a2d4851a1d" />
    <TestEntry testId="bd4154a3-bb77-e24c-6eb0-af1c9ba69852" executionId="306fd20b-bf5c-448d-a592-0d3739b27c25" testListId="8c84fa94-04c1-424b-9868-57a2d4851a1d" />
    <TestEntry testId="d8d3a8ab-205a-77b5-e05f-6f84170efb50" executionId="e49bcb09-80e8-4da0-94f2-281a022153fd" testListId="8c84fa94-04c1-424b-9868-57a2d4851a1d" />
  </TestEntries>
  <Results>
    <UnitTestResult executionId="873359d6-7f01-458f-8971-2c867af40a7e" testId="28a00470-f93f-a7e1-ba72-23860b4b3d55" testName="deveria_ler_um_objeto_sqldatareade" computerName="TORDEK-PC" duration="00:00:01.7406662" startTime="2010-09-25T15:17:37.2939456-03:00" endTime="2010-09-25T15:17:39.9296436-03:00" testType="13cdc9d9-ddb5-4fa4-a97d-d965ccfc6d4b" outcome="Passed" testListId="8c84fa94-04c1-424b-9868-57a2d4851a1d" relativeResultsDirectory="873359d6-7f01-458f-8971-2c867af40a7e">
    </UnitTestResult>
    <UnitTestResult executionId="93f9a89d-e39f-41de-a5be-a2478642ba12" testId="4101630f-354f-73bc-96fc-c0c91d3301a3" testName="deveria_trazer_um_DataTable_com_contedo" computerName="TORDEK-PC" duration="00:00:07.4546160" startTime="2010-09-25T15:17:39.9396442-03:00" endTime="2010-09-25T15:17:47.3942602-03:00" testType="13cdc9d9-ddb5-4fa4-a97d-d965ccfc6d4b" outcome="Aborted" testListId="8c84fa94-04c1-424b-9868-57a2d4851a1d" relativeResultsDirectory="93f9a89d-e39f-41de-a5be-a2478642ba12">
    </UnitTestResult>
    <UnitTestResult executionId="5b4cf7c2-4c83-4850-9f70-952bd0455857" testId="65af4af8-fa85-8246-83fb-d31c4b799c87" testName="deveria_ler_um_objeto_sqldatareader_duas_vezes" computerName="TORDEK-PC" testType="13cdc9d9-ddb5-4fa4-a97d-d965ccfc6d4b" outcome="NotExecuted" testListId="8c84fa94-04c1-424b-9868-57a2d4851a1d" relativeResultsDirectory="5b4cf7c2-4c83-4850-9f70-952bd0455857">
    </UnitTestResult>
    <UnitTestResult executionId="f61e3854-e2b1-48a1-bf75-e3dc39f94099" testId="69856786-12ed-7c5e-530e-466e9cf89972" testName="deveria_buscar_usuario_pelo_Command" computerName="TORDEK-PC" testType="13cdc9d9-ddb5-4fa4-a97d-d965ccfc6d4b" outcome="NotExecuted" testListId="8c84fa94-04c1-424b-9868-57a2d4851a1d" relativeResultsDirectory="f61e3854-e2b1-48a1-bf75-e3dc39f94099">
    </UnitTestResult>
    <UnitTestResult executionId="595f296a-430b-4fad-9291-7d466952e379" testId="76cb79dd-aea1-a129-200c-53fbfca57274" testName="deveria_instanciar_uma_conexao_com_o_banco" computerName="TORDEK-PC" testType="13cdc9d9-ddb5-4fa4-a97d-d965ccfc6d4b" outcome="NotExecuted" testListId="8c84fa94-04c1-424b-9868-57a2d4851a1d" relativeResultsDirectory="595f296a-430b-4fad-9291-7d466952e379">
    </UnitTestResult>
    <UnitTestResult executionId="2f7c3570-d3f8-492e-b87b-5af9cca9fd71" testId="9942daa5-a064-c005-2ef9-636721b2e10a" testName="deveria_ter_o_mesmo_hash" computerName="TORDEK-PC" testType="13cdc9d9-ddb5-4fa4-a97d-d965ccfc6d4b" outcome="NotExecuted" testListId="8c84fa94-04c1-424b-9868-57a2d4851a1d" relativeResultsDirectory="2f7c3570-d3f8-492e-b87b-5af9cca9fd71">
    </UnitTestResult>
    <UnitTestResult executionId="e6ff9dc4-e3ec-4444-8fea-930f6d5cf467" testId="b019bf55-10f0-69c2-90ef-961bd4361fe3" testName="deveria_buscar_usuario_pelo_Command_denovo" computerName="TORDEK-PC" testType="13cdc9d9-ddb5-4fa4-a97d-d965ccfc6d4b" outcome="NotExecuted" testListId="8c84fa94-04c1-424b-9868-57a2d4851a1d" relativeResultsDirectory="e6ff9dc4-e3ec-4444-8fea-930f6d5cf467">
    </UnitTestResult>
    <UnitTestResult executionId="306fd20b-bf5c-448d-a592-0d3739b27c25" testId="bd4154a3-bb77-e24c-6eb0-af1c9ba69852" testName="deveria_trazer_um_DataTable" computerName="TORDEK-PC" testType="13cdc9d9-ddb5-4fa4-a97d-d965ccfc6d4b" outcome="NotExecuted" testListId="8c84fa94-04c1-424b-9868-57a2d4851a1d" relativeResultsDirectory="306fd20b-bf5c-448d-a592-0d3739b27c25">
    </UnitTestResult>
    <UnitTestResult executionId="e49bcb09-80e8-4da0-94f2-281a022153fd" testId="d8d3a8ab-205a-77b5-e05f-6f84170efb50" testName="deveria_trazer_conexao" computerName="TORDEK-PC" testType="13cdc9d9-ddb5-4fa4-a97d-d965ccfc6d4b" outcome="NotExecuted" testListId="8c84fa94-04c1-424b-9868-57a2d4851a1d" relativeResultsDirectory="e49bcb09-80e8-4da0-94f2-281a022153fd">
    </UnitTestResult>
  </Results>
</TestRun>