<?xml version="1.0" encoding="UTF-8"?>
<TestRun id="97b78376-801b-409c-8cf5-ccb33e948c99" name="Tordek@TORDEK-PC 2010-09-25 15:33:09" runUser="Tordek-PC\Tordek" xmlns="http://microsoft.com/schemas/VisualStudio/TeamTest/2010">
  <TestSettings name="Local" id="c7b5a916-ae87-4048-b6db-272523a01ffc">
    <Description>These are default test settings for a local test run.</Description>
    <Deployment enabled="false" runDeploymentRoot="Tordek_TORDEK-PC 2010-09-25 15_33_09">
      <DeploymentItem filename="C:\Users\Tordek\Documents\Visual Studio 2010\Projects\Banco\Banco\bin\Debug\Banco.dll" />
    </Deployment>
    <Execution>
      <TestTypeSpecific />
      <AgentRule name="Execution Agents">
      </AgentRule>
    </Execution>
  </TestSettings>
  <Times creation="2010-09-25T15:33:09.1645287-03:00" queuing="2010-09-25T15:33:10.0521700-03:00" start="2010-09-25T15:33:10.1871777-03:00" finish="2010-09-25T15:33:17.0990857-03:00" />
  <ResultSummary outcome="Failed">
    <Counters total="1" executed="1" error="0" failed="1" timeout="0" aborted="0" inconclusive="0" passedButRunAborted="0" notRunnable="0" notExecuted="0" disconnected="0" warning="0" passed="0" completed="0" inProgress="0" pending="0" />
  </ResultSummary>
  <TestDefinitions>
    <UnitTest name="deveria_inserir_usuario" storage="c:\users\tordek\documents\visual studio 2010\projects\banco\reservateste\bin\debug\reservateste.dll" id="cbb8e3bf-86c8-2b55-9d46-d67ffd6ca901">
      <Execution id="48e047c4-8b8b-4387-8953-82964a927329" />
      <TestMethod codeBase="C:/Users/Tordek/Documents/Visual Studio 2010/Projects/Banco/ReservaTeste/bin/Debug/ReservaTeste.DLL" adapterTypeName="Microsoft.VisualStudio.TestTools.TestTypes.Unit.UnitTestAdapter, Microsoft.VisualStudio.QualityTools.Tips.UnitTest.Adapter, Version=10.0.0.0, Culture=neutral, PublicKeyToken=b03f5f7f11d50a3a" className="BancoTest.BancoTest, ReservaTeste, Version=1.0.0.0, Culture=neutral, PublicKeyToken=null" name="deveria_inserir_usuario" />
    </UnitTest>
  </TestDefinitions>
  <TestLists>
    <TestList name="Results Not in a List" id="8c84fa94-04c1-424b-9868-57a2d4851a1d" />
    <TestList name="All Loaded Results" id="19431567-8539-422a-85d7-44ee4e166bda" />
  </TestLists>
  <TestEntries>
    <TestEntry testId="cbb8e3bf-86c8-2b55-9d46-d67ffd6ca901" executionId="48e047c4-8b8b-4387-8953-82964a927329" testListId="8c84fa94-04c1-424b-9868-57a2d4851a1d" />
  </TestEntries>
  <Results>
    <UnitTestResult executionId="48e047c4-8b8b-4387-8953-82964a927329" testId="cbb8e3bf-86c8-2b55-9d46-d67ffd6ca901" testName="deveria_inserir_usuario" computerName="TORDEK-PC" duration="00:00:05.6119689" startTime="2010-09-25T15:33:10.3201853-03:00" endTime="2010-09-25T15:33:17.0010801-03:00" testType="13cdc9d9-ddb5-4fa4-a97d-d965ccfc6d4b" outcome="Failed" testListId="8c84fa94-04c1-424b-9868-57a2d4851a1d" relativeResultsDirectory="48e047c4-8b8b-4387-8953-82964a927329">
      <Output>
        <ErrorInfo>
          <Message>Test method BancoTest.BancoTest.deveria_inserir_usuario threw exception: 
System.NullReferenceException: Object reference not set to an instance of an object.</Message>
          <StackTrace>    at Banco.BD.ExecuteNonQuery(String query) in C:\Users\Tordek\Documents\Visual Studio 2010\Projects\Banco\Banco\Banco.cs:line 45
   at BancoTest.BancoTest.deveria_inserir_usuario() in C:\Users\Tordek\Documents\Visual Studio 2010\Projects\Banco\ReservaTeste\BancoTest.cs:line 121
</StackTrace>
        </ErrorInfo>
      </Output>
    </UnitTestResult>
  </Results>
</TestRun>