<?xml version="1.0" encoding="UTF-8"?>
<TestRun id="12be87df-97aa-4e4a-a139-58d6c9727bcb" name="Tordek@TORDEK-PC 2010-09-16 21:01:06" runUser="Tordek-PC\Tordek" xmlns="http://microsoft.com/schemas/VisualStudio/TeamTest/2010">
  <TestSettings name="Local" id="c7b5a916-ae87-4048-b6db-272523a01ffc">
    <Description>These are default test settings for a local test run.</Description>
    <Deployment userDeploymentRoot="C:\Users\Tordek\Documents\Visual Studio 2010\Projects\Banco\TestResults" useDefaultDeploymentRoot="false" enabled="false" runDeploymentRoot="Tordek_TORDEK-PC 2010-09-16 21_01_06">
      <DeploymentItem filename="C:\Users\Tordek\Documents\Visual Studio 2010\Projects\Banco\Banco\bin\Debug\Banco.dll" />
    </Deployment>
    <Execution>
      <TestTypeSpecific />
      <AgentRule name="Execution Agents">
      </AgentRule>
    </Execution>
  </TestSettings>
  <Times creation="2010-09-16T21:01:06.3605849-03:00" queuing="2010-09-16T21:01:06.5635965-03:00" start="2010-09-16T21:01:06.6095992-03:00" finish="2010-09-16T21:01:08.4707056-03:00" />
  <ResultSummary outcome="Failed">
    <Counters total="1" executed="1" error="0" failed="1" timeout="0" aborted="0" inconclusive="0" passedButRunAborted="0" notRunnable="0" notExecuted="0" disconnected="0" warning="0" passed="0" completed="0" inProgress="0" pending="0" />
  </ResultSummary>
  <TestDefinitions>
    <UnitTest name="deveria_ler_um_objeto_sqldatareade" storage="c:\users\tordek\documents\visual studio 2010\projects\banco\reservateste\bin\debug\reservateste.dll" id="28a00470-f93f-a7e1-ba72-23860b4b3d55">
      <Execution id="3e9f5962-3145-40b6-84d7-de9d980abd58" />
      <TestMethod codeBase="C:/Users/Tordek/Documents/Visual Studio 2010/Projects/Banco/ReservaTeste/bin/Debug/ReservaTeste.DLL" adapterTypeName="Microsoft.VisualStudio.TestTools.TestTypes.Unit.UnitTestAdapter, Microsoft.VisualStudio.QualityTools.Tips.UnitTest.Adapter, Version=10.0.0.0, Culture=neutral, PublicKeyToken=b03f5f7f11d50a3a" className="BancoTest.BancoTest, ReservaTeste, Version=1.0.0.0, Culture=neutral, PublicKeyToken=null" name="deveria_ler_um_objeto_sqldatareade" />
    </UnitTest>
  </TestDefinitions>
  <TestLists>
    <TestList name="Results Not in a List" id="8c84fa94-04c1-424b-9868-57a2d4851a1d" />
    <TestList name="All Loaded Results" id="19431567-8539-422a-85d7-44ee4e166bda" />
  </TestLists>
  <TestEntries>
    <TestEntry testId="28a00470-f93f-a7e1-ba72-23860b4b3d55" executionId="3e9f5962-3145-40b6-84d7-de9d980abd58" testListId="8c84fa94-04c1-424b-9868-57a2d4851a1d" />
  </TestEntries>
  <Results>
    <UnitTestResult executionId="3e9f5962-3145-40b6-84d7-de9d980abd58" testId="28a00470-f93f-a7e1-ba72-23860b4b3d55" testName="deveria_ler_um_objeto_sqldatareade" computerName="TORDEK-PC" duration="00:00:00.0603722" startTime="2010-09-16T21:01:06.6266001-03:00" endTime="2010-09-16T21:01:06.9476185-03:00" testType="13cdc9d9-ddb5-4fa4-a97d-d965ccfc6d4b" outcome="Failed" testListId="8c84fa94-04c1-424b-9868-57a2d4851a1d" relativeResultsDirectory="3e9f5962-3145-40b6-84d7-de9d980abd58">
      <Output>
        <ErrorInfo>
          <Message>Assert.AreEqual failed. Expected:&lt;jesus&gt;. Actual:&lt;1&gt;. </Message>
          <StackTrace>   at BancoTest.BancoTest.deveria_ler_um_objeto_sqldatareade() in C:\Users\Tordek\Documents\Visual Studio 2010\Projects\Banco\ReservaTeste\BancoTest.cs:line 103
</StackTrace>
        </ErrorInfo>
      </Output>
    </UnitTestResult>
  </Results>
</TestRun>