<?xml version="1.0" encoding="UTF-8"?>
<TestRun id="029fc4f6-fd08-4c07-8975-d6fe034f1892" name="Tordek@TORDEK-PC 2010-09-25 15:36:04" runUser="Tordek-PC\Tordek" xmlns="http://microsoft.com/schemas/VisualStudio/TeamTest/2010">
  <TestSettings name="Local" id="c7b5a916-ae87-4048-b6db-272523a01ffc">
    <Description>These are default test settings for a local test run.</Description>
    <Deployment enabled="false" runDeploymentRoot="Tordek_TORDEK-PC 2010-09-25 15_36_04">
      <DeploymentItem filename="C:\Users\Tordek\Documents\Visual Studio 2010\Projects\Banco\Banco\bin\Debug\Banco.dll" />
    </Deployment>
    <Execution>
      <TestTypeSpecific />
      <AgentRule name="Execution Agents">
      </AgentRule>
    </Execution>
  </TestSettings>
  <Times creation="2010-09-25T15:36:04.9094681-03:00" queuing="2010-09-25T15:36:05.8035192-03:00" start="2010-09-25T15:36:05.9645284-03:00" finish="2010-09-25T15:36:11.5528481-03:00" />
  <ResultSummary outcome="Completed">
    <Counters total="10" executed="10" passed="10" error="0" failed="0" timeout="0" aborted="0" inconclusive="0" passedButRunAborted="0" notRunnable="0" notExecuted="0" disconnected="0" warning="0" completed="0" inProgress="0" pending="0" />
  </ResultSummary>
  <TestDefinitions>
    <UnitTest name="deveria_trazer_conexao" storage="c:\users\tordek\documents\visual studio 2010\projects\banco\reservateste\bin\debug\reservateste.dll" id="d8d3a8ab-205a-77b5-e05f-6f84170efb50">
      <Execution id="9037ec7a-d3d5-4384-8872-bef5d7b68eaa" />
      <TestMethod codeBase="C:/Users/Tordek/Documents/Visual Studio 2010/Projects/Banco/ReservaTeste/bin/Debug/ReservaTeste.DLL" adapterTypeName="Microsoft.VisualStudio.TestTools.TestTypes.Unit.UnitTestAdapter, Microsoft.VisualStudio.QualityTools.Tips.UnitTest.Adapter, Version=10.0.0.0, Culture=neutral, PublicKeyToken=b03f5f7f11d50a3a" className="ReservaTeste.ConnectionTest, ReservaTeste, Version=1.0.0.0, Culture=neutral, PublicKeyToken=null" name="deveria_trazer_conexao" />
    </UnitTest>
    <UnitTest name="deveria_inserir_usuario" storage="c:\users\tordek\documents\visual studio 2010\projects\banco\reservateste\bin\debug\reservateste.dll" id="cbb8e3bf-86c8-2b55-9d46-d67ffd6ca901">
      <Execution id="961edc75-9570-4a9b-9c31-f45d18728b15" />
      <TestMethod codeBase="C:/Users/Tordek/Documents/Visual Studio 2010/Projects/Banco/ReservaTeste/bin/Debug/ReservaTeste.DLL" adapterTypeName="Microsoft.VisualStudio.TestTools.TestTypes.Unit.UnitTestAdapter, Microsoft.VisualStudio.QualityTools.Tips.UnitTest.Adapter, Version=10.0.0.0, Culture=neutral, PublicKeyToken=b03f5f7f11d50a3a" className="BancoTest.BancoTest, ReservaTeste, Version=1.0.0.0, Culture=neutral, PublicKeyToken=null" name="deveria_inserir_usuario" />
    </UnitTest>
    <UnitTest name="deveria_buscar_usuario_pelo_Command_denovo" storage="c:\users\tordek\documents\visual studio 2010\projects\banco\reservateste\bin\debug\reservateste.dll" id="b019bf55-10f0-69c2-90ef-961bd4361fe3">
      <Execution id="2f80346f-cf16-421a-a9d3-83d6de279b6e" />
      <TestMethod codeBase="C:/Users/Tordek/Documents/Visual Studio 2010/Projects/Banco/ReservaTeste/bin/Debug/ReservaTeste.DLL" adapterTypeName="Microsoft.VisualStudio.TestTools.TestTypes.Unit.UnitTestAdapter, Microsoft.VisualStudio.QualityTools.Tips.UnitTest.Adapter, Version=10.0.0.0, Culture=neutral, PublicKeyToken=b03f5f7f11d50a3a" className="ReservaTeste.ConnectionTest, ReservaTeste, Version=1.0.0.0, Culture=neutral, PublicKeyToken=null" name="deveria_buscar_usuario_pelo_Command_denovo" />
    </UnitTest>
    <UnitTest name="deveria_trazer_um_DataTable_com_contedo" storage="c:\users\tordek\documents\visual studio 2010\projects\banco\reservateste\bin\debug\reservateste.dll" id="4101630f-354f-73bc-96fc-c0c91d3301a3">
      <Execution id="90584b7a-17c5-4f3f-a981-c784e89eae05" />
      <TestMethod codeBase="C:/Users/Tordek/Documents/Visual Studio 2010/Projects/Banco/ReservaTeste/bin/Debug/ReservaTeste.DLL" adapterTypeName="Microsoft.VisualStudio.TestTools.TestTypes.Unit.UnitTestAdapter, Microsoft.VisualStudio.QualityTools.Tips.UnitTest.Adapter, Version=10.0.0.0, Culture=neutral, PublicKeyToken=b03f5f7f11d50a3a" className="BancoTest.BancoTest, ReservaTeste, Version=1.0.0.0, Culture=neutral, PublicKeyToken=null" name="deveria_trazer_um_DataTable_com_contedo" />
    </UnitTest>
    <UnitTest name="deveria_ter_o_mesmo_hash" storage="c:\users\tordek\documents\visual studio 2010\projects\banco\reservateste\bin\debug\reservateste.dll" id="9942daa5-a064-c005-2ef9-636721b2e10a">
      <Execution id="cdd3c98f-96f0-4d66-a771-279ece34c8f7" />
      <TestMethod codeBase="C:/Users/Tordek/Documents/Visual Studio 2010/Projects/Banco/ReservaTeste/bin/Debug/ReservaTeste.DLL" adapterTypeName="Microsoft.VisualStudio.TestTools.TestTypes.Unit.UnitTestAdapter, Microsoft.VisualStudio.QualityTools.Tips.UnitTest.Adapter, Version=10.0.0.0, Culture=neutral, PublicKeyToken=b03f5f7f11d50a3a" className="ReservaTeste.ConnectionTest, ReservaTeste, Version=1.0.0.0, Culture=neutral, PublicKeyToken=null" name="deveria_ter_o_mesmo_hash" />
    </UnitTest>
    <UnitTest name="deveria_trazer_um_DataTable" storage="c:\users\tordek\documents\visual studio 2010\projects\banco\reservateste\bin\debug\reservateste.dll" id="bd4154a3-bb77-e24c-6eb0-af1c9ba69852">
      <Execution id="f0c785fa-7ef7-4ce5-b97e-d25b6c759708" />
      <TestMethod codeBase="C:/Users/Tordek/Documents/Visual Studio 2010/Projects/Banco/ReservaTeste/bin/Debug/ReservaTeste.DLL" adapterTypeName="Microsoft.VisualStudio.TestTools.TestTypes.Unit.UnitTestAdapter, Microsoft.VisualStudio.QualityTools.Tips.UnitTest.Adapter, Version=10.0.0.0, Culture=neutral, PublicKeyToken=b03f5f7f11d50a3a" className="BancoTest.BancoTest, ReservaTeste, Version=1.0.0.0, Culture=neutral, PublicKeyToken=null" name="deveria_trazer_um_DataTable" />
    </UnitTest>
    <UnitTest name="deveria_buscar_usuario_pelo_Command" storage="c:\users\tordek\documents\visual studio 2010\projects\banco\reservateste\bin\debug\reservateste.dll" id="69856786-12ed-7c5e-530e-466e9cf89972">
      <Execution id="ac2a8fb2-68b2-4ab3-97ae-501a5f1f8b0f" />
      <TestMethod codeBase="C:/Users/Tordek/Documents/Visual Studio 2010/Projects/Banco/ReservaTeste/bin/Debug/ReservaTeste.DLL" adapterTypeName="Microsoft.VisualStudio.TestTools.TestTypes.Unit.UnitTestAdapter, Microsoft.VisualStudio.QualityTools.Tips.UnitTest.Adapter, Version=10.0.0.0, Culture=neutral, PublicKeyToken=b03f5f7f11d50a3a" className="ReservaTeste.ConnectionTest, ReservaTeste, Version=1.0.0.0, Culture=neutral, PublicKeyToken=null" name="deveria_buscar_usuario_pelo_Command" />
    </UnitTest>
    <UnitTest name="deveria_ler_um_objeto_sqldatareade" storage="c:\users\tordek\documents\visual studio 2010\projects\banco\reservateste\bin\debug\reservateste.dll" id="28a00470-f93f-a7e1-ba72-23860b4b3d55">
      <Execution id="cc9c7dc2-fb9a-4bd2-9d44-a3d4e4bfa612" />
      <TestMethod codeBase="C:/Users/Tordek/Documents/Visual Studio 2010/Projects/Banco/ReservaTeste/bin/Debug/ReservaTeste.DLL" adapterTypeName="Microsoft.VisualStudio.TestTools.TestTypes.Unit.UnitTestAdapter, Microsoft.VisualStudio.QualityTools.Tips.UnitTest.Adapter, Version=10.0.0.0, Culture=neutral, PublicKeyToken=b03f5f7f11d50a3a" className="BancoTest.BancoTest, ReservaTeste, Version=1.0.0.0, Culture=neutral, PublicKeyToken=null" name="deveria_ler_um_objeto_sqldatareade" />
    </UnitTest>
    <UnitTest name="deveria_instanciar_uma_conexao_com_o_banco" storage="c:\users\tordek\documents\visual studio 2010\projects\banco\reservateste\bin\debug\reservateste.dll" id="76cb79dd-aea1-a129-200c-53fbfca57274">
      <Execution id="a12d7136-29ea-41a7-8670-bd581055c3ba" />
      <TestMethod codeBase="C:/Users/Tordek/Documents/Visual Studio 2010/Projects/Banco/ReservaTeste/bin/Debug/ReservaTeste.DLL" adapterTypeName="Microsoft.VisualStudio.TestTools.TestTypes.Unit.UnitTestAdapter, Microsoft.VisualStudio.QualityTools.Tips.UnitTest.Adapter, Version=10.0.0.0, Culture=neutral, PublicKeyToken=b03f5f7f11d50a3a" className="ReservaTeste.ConnectionTest, ReservaTeste, Version=1.0.0.0, Culture=neutral, PublicKeyToken=null" name="deveria_instanciar_uma_conexao_com_o_banco" />
    </UnitTest>
    <UnitTest name="deveria_ler_um_objeto_sqldatareader_duas_vezes" storage="c:\users\tordek\documents\visual studio 2010\projects\banco\reservateste\bin\debug\reservateste.dll" id="65af4af8-fa85-8246-83fb-d31c4b799c87">
      <Execution id="096eaee6-83de-4e5c-ad33-143615314d28" />
      <TestMethod codeBase="C:/Users/Tordek/Documents/Visual Studio 2010/Projects/Banco/ReservaTeste/bin/Debug/ReservaTeste.DLL" adapterTypeName="Microsoft.VisualStudio.TestTools.TestTypes.Unit.UnitTestAdapter, Microsoft.VisualStudio.QualityTools.Tips.UnitTest.Adapter, Version=10.0.0.0, Culture=neutral, PublicKeyToken=b03f5f7f11d50a3a" className="BancoTest.BancoTest, ReservaTeste, Version=1.0.0.0, Culture=neutral, PublicKeyToken=null" name="deveria_ler_um_objeto_sqldatareader_duas_vezes" />
    </UnitTest>
  </TestDefinitions>
  <TestLists>
    <TestList name="Results Not in a List" id="8c84fa94-04c1-424b-9868-57a2d4851a1d" />
    <TestList name="All Loaded Results" id="19431567-8539-422a-85d7-44ee4e166bda" />
  </TestLists>
  <TestEntries>
    <TestEntry testId="28a00470-f93f-a7e1-ba72-23860b4b3d55" executionId="cc9c7dc2-fb9a-4bd2-9d44-a3d4e4bfa612" testListId="8c84fa94-04c1-424b-9868-57a2d4851a1d" />
    <TestEntry testId="4101630f-354f-73bc-96fc-c0c91d3301a3" executionId="90584b7a-17c5-4f3f-a981-c784e89eae05" testListId="8c84fa94-04c1-424b-9868-57a2d4851a1d" />
    <TestEntry testId="65af4af8-fa85-8246-83fb-d31c4b799c87" executionId="096eaee6-83de-4e5c-ad33-143615314d28" testListId="8c84fa94-04c1-424b-9868-57a2d4851a1d" />
    <TestEntry testId="69856786-12ed-7c5e-530e-466e9cf89972" executionId="ac2a8fb2-68b2-4ab3-97ae-501a5f1f8b0f" testListId="8c84fa94-04c1-424b-9868-57a2d4851a1d" />
    <TestEntry testId="76cb79dd-aea1-a129-200c-53fbfca57274" executionId="a12d7136-29ea-41a7-8670-bd581055c3ba" testListId="8c84fa94-04c1-424b-9868-57a2d4851a1d" />
    <TestEntry testId="9942daa5-a064-c005-2ef9-636721b2e10a" executionId="cdd3c98f-96f0-4d66-a771-279ece34c8f7" testListId="8c84fa94-04c1-424b-9868-57a2d4851a1d" />
    <TestEntry testId="b019bf55-10f0-69c2-90ef-961bd4361fe3" executionId="2f80346f-cf16-421a-a9d3-83d6de279b6e" testListId="8c84fa94-04c1-424b-9868-57a2d4851a1d" />
    <TestEntry testId="bd4154a3-bb77-e24c-6eb0-af1c9ba69852" executionId="f0c785fa-7ef7-4ce5-b97e-d25b6c759708" testListId="8c84fa94-04c1-424b-9868-57a2d4851a1d" />
    <TestEntry testId="cbb8e3bf-86c8-2b55-9d46-d67ffd6ca901" executionId="961edc75-9570-4a9b-9c31-f45d18728b15" testListId="8c84fa94-04c1-424b-9868-57a2d4851a1d" />
    <TestEntry testId="d8d3a8ab-205a-77b5-e05f-6f84170efb50" executionId="9037ec7a-d3d5-4384-8872-bef5d7b68eaa" testListId="8c84fa94-04c1-424b-9868-57a2d4851a1d" />
  </TestEntries>
  <Results>
    <UnitTestResult executionId="cc9c7dc2-fb9a-4bd2-9d44-a3d4e4bfa612" testId="28a00470-f93f-a7e1-ba72-23860b4b3d55" testName="deveria_ler_um_objeto_sqldatareade" computerName="TORDEK-PC" duration="00:00:00.1245012" startTime="2010-09-25T15:36:06.0865354-03:00" endTime="2010-09-25T15:36:07.0895928-03:00" testType="13cdc9d9-ddb5-4fa4-a97d-d965ccfc6d4b" outcome="Passed" testListId="8c84fa94-04c1-424b-9868-57a2d4851a1d" relativeResultsDirectory="cc9c7dc2-fb9a-4bd2-9d44-a3d4e4bfa612">
    </UnitTestResult>
    <UnitTestResult executionId="90584b7a-17c5-4f3f-a981-c784e89eae05" testId="4101630f-354f-73bc-96fc-c0c91d3301a3" testName="deveria_trazer_um_DataTable_com_contedo" computerName="TORDEK-PC" duration="00:00:00.0104344" startTime="2010-09-25T15:36:07.0945931-03:00" endTime="2010-09-25T15:36:07.1185944-03:00" testType="13cdc9d9-ddb5-4fa4-a97d-d965ccfc6d4b" outcome="Passed" testListId="8c84fa94-04c1-424b-9868-57a2d4851a1d" relativeResultsDirectory="90584b7a-17c5-4f3f-a981-c784e89eae05">
    </UnitTestResult>
    <UnitTestResult executionId="096eaee6-83de-4e5c-ad33-143615314d28" testId="65af4af8-fa85-8246-83fb-d31c4b799c87" testName="deveria_ler_um_objeto_sqldatareader_duas_vezes" computerName="TORDEK-PC" duration="00:00:00.0016369" startTime="2010-09-25T15:36:07.1295951-03:00" endTime="2010-09-25T15:36:07.1425958-03:00" testType="13cdc9d9-ddb5-4fa4-a97d-d965ccfc6d4b" outcome="Passed" testListId="8c84fa94-04c1-424b-9868-57a2d4851a1d" relativeResultsDirectory="096eaee6-83de-4e5c-ad33-143615314d28">
    </UnitTestResult>
    <UnitTestResult executionId="ac2a8fb2-68b2-4ab3-97ae-501a5f1f8b0f" testId="69856786-12ed-7c5e-530e-466e9cf89972" testName="deveria_buscar_usuario_pelo_Command" computerName="TORDEK-PC" duration="00:00:00.0016446" startTime="2010-09-25T15:36:07.1525964-03:00" endTime="2010-09-25T15:36:07.1635970-03:00" testType="13cdc9d9-ddb5-4fa4-a97d-d965ccfc6d4b" outcome="Passed" testListId="8c84fa94-04c1-424b-9868-57a2d4851a1d" relativeResultsDirectory="ac2a8fb2-68b2-4ab3-97ae-501a5f1f8b0f">
    </UnitTestResult>
    <UnitTestResult executionId="a12d7136-29ea-41a7-8670-bd581055c3ba" testId="76cb79dd-aea1-a129-200c-53fbfca57274" testName="deveria_instanciar_uma_conexao_com_o_banco" computerName="TORDEK-PC" duration="00:00:00.0003182" startTime="2010-09-25T15:36:07.1715975-03:00" endTime="2010-09-25T15:36:07.1815981-03:00" testType="13cdc9d9-ddb5-4fa4-a97d-d965ccfc6d4b" outcome="Passed" testListId="8c84fa94-04c1-424b-9868-57a2d4851a1d" relativeResultsDirectory="a12d7136-29ea-41a7-8670-bd581055c3ba">
    </UnitTestResult>
    <UnitTestResult executionId="cdd3c98f-96f0-4d66-a771-279ece34c8f7" testId="9942daa5-a064-c005-2ef9-636721b2e10a" testName="deveria_ter_o_mesmo_hash" computerName="TORDEK-PC" duration="00:00:00.0002848" startTime="2010-09-25T15:36:07.1885985-03:00" endTime="2010-09-25T15:36:07.2005991-03:00" testType="13cdc9d9-ddb5-4fa4-a97d-d965ccfc6d4b" outcome="Passed" testListId="8c84fa94-04c1-424b-9868-57a2d4851a1d" relativeResultsDirectory="cdd3c98f-96f0-4d66-a771-279ece34c8f7">
    </UnitTestResult>
    <UnitTestResult executionId="2f80346f-cf16-421a-a9d3-83d6de279b6e" testId="b019bf55-10f0-69c2-90ef-961bd4361fe3" testName="deveria_buscar_usuario_pelo_Command_denovo" computerName="TORDEK-PC" duration="00:00:00.0013999" startTime="2010-09-25T15:36:07.2065995-03:00" endTime="2010-09-25T15:36:07.2176001-03:00" testType="13cdc9d9-ddb5-4fa4-a97d-d965ccfc6d4b" outcome="Passed" testListId="8c84fa94-04c1-424b-9868-57a2d4851a1d" relativeResultsDirectory="2f80346f-cf16-421a-a9d3-83d6de279b6e">
    </UnitTestResult>
    <UnitTestResult executionId="f0c785fa-7ef7-4ce5-b97e-d25b6c759708" testId="bd4154a3-bb77-e24c-6eb0-af1c9ba69852" testName="deveria_trazer_um_DataTable" computerName="TORDEK-PC" duration="00:00:00.0013315" startTime="2010-09-25T15:36:07.2216003-03:00" endTime="2010-09-25T15:36:07.2336010-03:00" testType="13cdc9d9-ddb5-4fa4-a97d-d965ccfc6d4b" outcome="Passed" testListId="8c84fa94-04c1-424b-9868-57a2d4851a1d" relativeResultsDirectory="f0c785fa-7ef7-4ce5-b97e-d25b6c759708">
    </UnitTestResult>
    <UnitTestResult executionId="961edc75-9570-4a9b-9c31-f45d18728b15" testId="cbb8e3bf-86c8-2b55-9d46-d67ffd6ca901" testName="deveria_inserir_usuario" computerName="TORDEK-PC" duration="00:00:04.1787941" startTime="2010-09-25T15:36:07.2376013-03:00" endTime="2010-09-25T15:36:11.4548425-03:00" testType="13cdc9d9-ddb5-4fa4-a97d-d965ccfc6d4b" outcome="Passed" testListId="8c84fa94-04c1-424b-9868-57a2d4851a1d" relativeResultsDirectory="961edc75-9570-4a9b-9c31-f45d18728b15">
    </UnitTestResult>
    <UnitTestResult executionId="9037ec7a-d3d5-4384-8872-bef5d7b68eaa" testId="d8d3a8ab-205a-77b5-e05f-6f84170efb50" testName="deveria_trazer_conexao" computerName="TORDEK-PC" duration="00:00:00.0002780" startTime="2010-09-25T15:36:11.4818440-03:00" endTime="2010-09-25T15:36:11.4928446-03:00" testType="13cdc9d9-ddb5-4fa4-a97d-d965ccfc6d4b" outcome="Passed" testListId="8c84fa94-04c1-424b-9868-57a2d4851a1d" relativeResultsDirectory="9037ec7a-d3d5-4384-8872-bef5d7b68eaa">
    </UnitTestResult>
  </Results>
</TestRun>