<?xml version="1.0" encoding="UTF-8"?>
<TestRun id="15ae8a78-a5ce-4fec-9033-5ec953a88d80" name="Tordek@TORDEK-PC 2010-09-25 15:35:47" runUser="Tordek-PC\Tordek" xmlns="http://microsoft.com/schemas/VisualStudio/TeamTest/2010">
  <TestSettings name="Local" id="c7b5a916-ae87-4048-b6db-272523a01ffc">
    <Description>These are default test settings for a local test run.</Description>
    <Deployment enabled="false" runDeploymentRoot="Tordek_TORDEK-PC 2010-09-25 15_35_47">
      <DeploymentItem filename="C:\Users\Tordek\Documents\Visual Studio 2010\Projects\Banco\Banco\bin\Debug\Banco.dll" />
    </Deployment>
    <Execution>
      <TestTypeSpecific />
      <AgentRule name="Execution Agents">
      </AgentRule>
    </Execution>
  </TestSettings>
  <Times creation="2010-09-25T15:35:47.1314513-03:00" queuing="2010-09-25T15:35:48.0745052-03:00" start="2010-09-25T15:35:48.2115130-03:00" finish="2010-09-25T15:35:53.8048329-03:00" />
  <ResultSummary outcome="Error">
    <Counters total="10" executed="2" passed="1" error="0" failed="0" timeout="0" aborted="1" inconclusive="0" passedButRunAborted="0" notRunnable="0" notExecuted="8" disconnected="0" warning="0" completed="0" inProgress="0" pending="0" />
    <RunInfos>
      <RunInfo computerName="TORDEK-PC" outcome="Error" timestamp="2010-09-25T15:35:53.7938323-03:00">
        <Text>Test host process exited unexpectedly.</Text>
      </RunInfo>
    </RunInfos>
  </ResultSummary>
  <TestDefinitions>
    <UnitTest name="deveria_trazer_conexao" storage="c:\users\tordek\documents\visual studio 2010\projects\banco\reservateste\bin\debug\reservateste.dll" id="d8d3a8ab-205a-77b5-e05f-6f84170efb50">
      <Execution id="3d2e791c-ecba-465b-85f9-b235a042ce8f" />
      <TestMethod codeBase="C:/Users/Tordek/Documents/Visual Studio 2010/Projects/Banco/ReservaTeste/bin/Debug/ReservaTeste.DLL" adapterTypeName="Microsoft.VisualStudio.TestTools.TestTypes.Unit.UnitTestAdapter, Microsoft.VisualStudio.QualityTools.Tips.UnitTest.Adapter, Version=10.0.0.0, Culture=neutral, PublicKeyToken=b03f5f7f11d50a3a" className="ReservaTeste.ConnectionTest, ReservaTeste, Version=1.0.0.0, Culture=neutral, PublicKeyToken=null" name="deveria_trazer_conexao" />
    </UnitTest>
    <UnitTest name="deveria_inserir_usuario" storage="c:\users\tordek\documents\visual studio 2010\projects\banco\reservateste\bin\debug\reservateste.dll" id="cbb8e3bf-86c8-2b55-9d46-d67ffd6ca901">
      <Execution id="62f3a194-11cc-488a-a4e3-c683d27eae2f" />
      <TestMethod codeBase="C:/Users/Tordek/Documents/Visual Studio 2010/Projects/Banco/ReservaTeste/bin/Debug/ReservaTeste.DLL" adapterTypeName="Microsoft.VisualStudio.TestTools.TestTypes.Unit.UnitTestAdapter, Microsoft.VisualStudio.QualityTools.Tips.UnitTest.Adapter, Version=10.0.0.0, Culture=neutral, PublicKeyToken=b03f5f7f11d50a3a" className="BancoTest.BancoTest, ReservaTeste, Version=1.0.0.0, Culture=neutral, PublicKeyToken=null" name="deveria_inserir_usuario" />
    </UnitTest>
    <UnitTest name="deveria_buscar_usuario_pelo_Command_denovo" storage="c:\users\tordek\documents\visual studio 2010\projects\banco\reservateste\bin\debug\reservateste.dll" id="b019bf55-10f0-69c2-90ef-961bd4361fe3">
      <Execution id="892a82d5-1b3a-4806-8a4f-0ed0628dfc59" />
      <TestMethod codeBase="C:/Users/Tordek/Documents/Visual Studio 2010/Projects/Banco/ReservaTeste/bin/Debug/ReservaTeste.DLL" adapterTypeName="Microsoft.VisualStudio.TestTools.TestTypes.Unit.UnitTestAdapter, Microsoft.VisualStudio.QualityTools.Tips.UnitTest.Adapter, Version=10.0.0.0, Culture=neutral, PublicKeyToken=b03f5f7f11d50a3a" className="ReservaTeste.ConnectionTest, ReservaTeste, Version=1.0.0.0, Culture=neutral, PublicKeyToken=null" name="deveria_buscar_usuario_pelo_Command_denovo" />
    </UnitTest>
    <UnitTest name="deveria_trazer_um_DataTable_com_contedo" storage="c:\users\tordek\documents\visual studio 2010\projects\banco\reservateste\bin\debug\reservateste.dll" id="4101630f-354f-73bc-96fc-c0c91d3301a3">
      <Execution id="d29b439a-6da4-4c4e-89ef-a95a9b26fcee" />
      <TestMethod codeBase="C:/Users/Tordek/Documents/Visual Studio 2010/Projects/Banco/ReservaTeste/bin/Debug/ReservaTeste.DLL" adapterTypeName="Microsoft.VisualStudio.TestTools.TestTypes.Unit.UnitTestAdapter, Microsoft.VisualStudio.QualityTools.Tips.UnitTest.Adapter, Version=10.0.0.0, Culture=neutral, PublicKeyToken=b03f5f7f11d50a3a" className="BancoTest.BancoTest, ReservaTeste, Version=1.0.0.0, Culture=neutral, PublicKeyToken=null" name="deveria_trazer_um_DataTable_com_contedo" />
    </UnitTest>
    <UnitTest name="deveria_ter_o_mesmo_hash" storage="c:\users\tordek\documents\visual studio 2010\projects\banco\reservateste\bin\debug\reservateste.dll" id="9942daa5-a064-c005-2ef9-636721b2e10a">
      <Execution id="b8c37c9b-697b-418b-857a-63d812fa4214" />
      <TestMethod codeBase="C:/Users/Tordek/Documents/Visual Studio 2010/Projects/Banco/ReservaTeste/bin/Debug/ReservaTeste.DLL" adapterTypeName="Microsoft.VisualStudio.TestTools.TestTypes.Unit.UnitTestAdapter, Microsoft.VisualStudio.QualityTools.Tips.UnitTest.Adapter, Version=10.0.0.0, Culture=neutral, PublicKeyToken=b03f5f7f11d50a3a" className="ReservaTeste.ConnectionTest, ReservaTeste, Version=1.0.0.0, Culture=neutral, PublicKeyToken=null" name="deveria_ter_o_mesmo_hash" />
    </UnitTest>
    <UnitTest name="deveria_trazer_um_DataTable" storage="c:\users\tordek\documents\visual studio 2010\projects\banco\reservateste\bin\debug\reservateste.dll" id="bd4154a3-bb77-e24c-6eb0-af1c9ba69852">
      <Execution id="0fa7023f-b7b9-4aa1-b495-8c3d6bfdca5d" />
      <TestMethod codeBase="C:/Users/Tordek/Documents/Visual Studio 2010/Projects/Banco/ReservaTeste/bin/Debug/ReservaTeste.DLL" adapterTypeName="Microsoft.VisualStudio.TestTools.TestTypes.Unit.UnitTestAdapter, Microsoft.VisualStudio.QualityTools.Tips.UnitTest.Adapter, Version=10.0.0.0, Culture=neutral, PublicKeyToken=b03f5f7f11d50a3a" className="BancoTest.BancoTest, ReservaTeste, Version=1.0.0.0, Culture=neutral, PublicKeyToken=null" name="deveria_trazer_um_DataTable" />
    </UnitTest>
    <UnitTest name="deveria_buscar_usuario_pelo_Command" storage="c:\users\tordek\documents\visual studio 2010\projects\banco\reservateste\bin\debug\reservateste.dll" id="69856786-12ed-7c5e-530e-466e9cf89972">
      <Execution id="7f784ae5-7eac-4732-937e-5321500cd782" />
      <TestMethod codeBase="C:/Users/Tordek/Documents/Visual Studio 2010/Projects/Banco/ReservaTeste/bin/Debug/ReservaTeste.DLL" adapterTypeName="Microsoft.VisualStudio.TestTools.TestTypes.Unit.UnitTestAdapter, Microsoft.VisualStudio.QualityTools.Tips.UnitTest.Adapter, Version=10.0.0.0, Culture=neutral, PublicKeyToken=b03f5f7f11d50a3a" className="ReservaTeste.ConnectionTest, ReservaTeste, Version=1.0.0.0, Culture=neutral, PublicKeyToken=null" name="deveria_buscar_usuario_pelo_Command" />
    </UnitTest>
    <UnitTest name="deveria_ler_um_objeto_sqldatareade" storage="c:\users\tordek\documents\visual studio 2010\projects\banco\reservateste\bin\debug\reservateste.dll" id="28a00470-f93f-a7e1-ba72-23860b4b3d55">
      <Execution id="0271fe46-98d9-41d1-b137-d10685bf82a1" />
      <TestMethod codeBase="C:/Users/Tordek/Documents/Visual Studio 2010/Projects/Banco/ReservaTeste/bin/Debug/ReservaTeste.DLL" adapterTypeName="Microsoft.VisualStudio.TestTools.TestTypes.Unit.UnitTestAdapter, Microsoft.VisualStudio.QualityTools.Tips.UnitTest.Adapter, Version=10.0.0.0, Culture=neutral, PublicKeyToken=b03f5f7f11d50a3a" className="BancoTest.BancoTest, ReservaTeste, Version=1.0.0.0, Culture=neutral, PublicKeyToken=null" name="deveria_ler_um_objeto_sqldatareade" />
    </UnitTest>
    <UnitTest name="deveria_instanciar_uma_conexao_com_o_banco" storage="c:\users\tordek\documents\visual studio 2010\projects\banco\reservateste\bin\debug\reservateste.dll" id="76cb79dd-aea1-a129-200c-53fbfca57274">
      <Execution id="a8ccd9b1-47eb-4b83-8402-40b144391b5c" />
      <TestMethod codeBase="C:/Users/Tordek/Documents/Visual Studio 2010/Projects/Banco/ReservaTeste/bin/Debug/ReservaTeste.DLL" adapterTypeName="Microsoft.VisualStudio.TestTools.TestTypes.Unit.UnitTestAdapter, Microsoft.VisualStudio.QualityTools.Tips.UnitTest.Adapter, Version=10.0.0.0, Culture=neutral, PublicKeyToken=b03f5f7f11d50a3a" className="ReservaTeste.ConnectionTest, ReservaTeste, Version=1.0.0.0, Culture=neutral, PublicKeyToken=null" name="deveria_instanciar_uma_conexao_com_o_banco" />
    </UnitTest>
    <UnitTest name="deveria_ler_um_objeto_sqldatareader_duas_vezes" storage="c:\users\tordek\documents\visual studio 2010\projects\banco\reservateste\bin\debug\reservateste.dll" id="65af4af8-fa85-8246-83fb-d31c4b799c87">
      <Execution id="86ae09bb-7fd0-419e-9011-3f63cf93623e" />
      <TestMethod codeBase="C:/Users/Tordek/Documents/Visual Studio 2010/Projects/Banco/ReservaTeste/bin/Debug/ReservaTeste.DLL" adapterTypeName="Microsoft.VisualStudio.TestTools.TestTypes.Unit.UnitTestAdapter, Microsoft.VisualStudio.QualityTools.Tips.UnitTest.Adapter, Version=10.0.0.0, Culture=neutral, PublicKeyToken=b03f5f7f11d50a3a" className="BancoTest.BancoTest, ReservaTeste, Version=1.0.0.0, Culture=neutral, PublicKeyToken=null" name="deveria_ler_um_objeto_sqldatareader_duas_vezes" />
    </UnitTest>
  </TestDefinitions>
  <TestLists>
    <TestList name="Results Not in a List" id="8c84fa94-04c1-424b-9868-57a2d4851a1d" />
    <TestList name="All Loaded Results" id="19431567-8539-422a-85d7-44ee4e166bda" />
  </TestLists>
  <TestEntries>
    <TestEntry testId="28a00470-f93f-a7e1-ba72-23860b4b3d55" executionId="0271fe46-98d9-41d1-b137-d10685bf82a1" testListId="8c84fa94-04c1-424b-9868-57a2d4851a1d" />
    <TestEntry testId="4101630f-354f-73bc-96fc-c0c91d3301a3" executionId="d29b439a-6da4-4c4e-89ef-a95a9b26fcee" testListId="8c84fa94-04c1-424b-9868-57a2d4851a1d" />
    <TestEntry testId="65af4af8-fa85-8246-83fb-d31c4b799c87" executionId="86ae09bb-7fd0-419e-9011-3f63cf93623e" testListId="8c84fa94-04c1-424b-9868-57a2d4851a1d" />
    <TestEntry testId="69856786-12ed-7c5e-530e-466e9cf89972" executionId="7f784ae5-7eac-4732-937e-5321500cd782" testListId="8c84fa94-04c1-424b-9868-57a2d4851a1d" />
    <TestEntry testId="76cb79dd-aea1-a129-200c-53fbfca57274" executionId="a8ccd9b1-47eb-4b83-8402-40b144391b5c" testListId="8c84fa94-04c1-424b-9868-57a2d4851a1d" />
    <TestEntry testId="9942daa5-a064-c005-2ef9-636721b2e10a" executionId="b8c37c9b-697b-418b-857a-63d812fa4214" testListId="8c84fa94-04c1-424b-9868-57a2d4851a1d" />
    <TestEntry testId="b019bf55-10f0-69c2-90ef-961bd4361fe3" executionId="892a82d5-1b3a-4806-8a4f-0ed0628dfc59" testListId="8c84fa94-04c1-424b-9868-57a2d4851a1d" />
    <TestEntry testId="bd4154a3-bb77-e24c-6eb0-af1c9ba69852" executionId="0fa7023f-b7b9-4aa1-b495-8c3d6bfdca5d" testListId="8c84fa94-04c1-424b-9868-57a2d4851a1d" />
    <TestEntry testId="cbb8e3bf-86c8-2b55-9d46-d67ffd6ca901" executionId="62f3a194-11cc-488a-a4e3-c683d27eae2f" testListId="8c84fa94-04c1-424b-9868-57a2d4851a1d" />
    <TestEntry testId="d8d3a8ab-205a-77b5-e05f-6f84170efb50" executionId="3d2e791c-ecba-465b-85f9-b235a042ce8f" testListId="8c84fa94-04c1-424b-9868-57a2d4851a1d" />
  </TestEntries>
  <Results>
    <UnitTestResult executionId="0271fe46-98d9-41d1-b137-d10685bf82a1" testId="28a00470-f93f-a7e1-ba72-23860b4b3d55" testName="deveria_ler_um_objeto_sqldatareade" computerName="TORDEK-PC" duration="00:00:00.0736758" startTime="2010-09-25T15:35:48.3385203-03:00" endTime="2010-09-25T15:35:49.2945750-03:00" testType="13cdc9d9-ddb5-4fa4-a97d-d965ccfc6d4b" outcome="Passed" testListId="8c84fa94-04c1-424b-9868-57a2d4851a1d" relativeResultsDirectory="0271fe46-98d9-41d1-b137-d10685bf82a1">
    </UnitTestResult>
    <UnitTestResult executionId="d29b439a-6da4-4c4e-89ef-a95a9b26fcee" testId="4101630f-354f-73bc-96fc-c0c91d3301a3" testName="deveria_trazer_um_DataTable_com_contedo" computerName="TORDEK-PC" duration="00:00:04.4912569" startTime="2010-09-25T15:35:49.3045755-03:00" endTime="2010-09-25T15:35:53.7958324-03:00" testType="13cdc9d9-ddb5-4fa4-a97d-d965ccfc6d4b" outcome="Aborted" testListId="8c84fa94-04c1-424b-9868-57a2d4851a1d" relativeResultsDirectory="d29b439a-6da4-4c4e-89ef-a95a9b26fcee">
    </UnitTestResult>
    <UnitTestResult executionId="86ae09bb-7fd0-419e-9011-3f63cf93623e" testId="65af4af8-fa85-8246-83fb-d31c4b799c87" testName="deveria_ler_um_objeto_sqldatareader_duas_vezes" computerName="TORDEK-PC" testType="13cdc9d9-ddb5-4fa4-a97d-d965ccfc6d4b" outcome="NotExecuted" testListId="8c84fa94-04c1-424b-9868-57a2d4851a1d" relativeResultsDirectory="86ae09bb-7fd0-419e-9011-3f63cf93623e">
    </UnitTestResult>
    <UnitTestResult executionId="7f784ae5-7eac-4732-937e-5321500cd782" testId="69856786-12ed-7c5e-530e-466e9cf89972" testName="deveria_buscar_usuario_pelo_Command" computerName="TORDEK-PC" testType="13cdc9d9-ddb5-4fa4-a97d-d965ccfc6d4b" outcome="NotExecuted" testListId="8c84fa94-04c1-424b-9868-57a2d4851a1d" relativeResultsDirectory="7f784ae5-7eac-4732-937e-5321500cd782">
    </UnitTestResult>
    <UnitTestResult executionId="a8ccd9b1-47eb-4b83-8402-40b144391b5c" testId="76cb79dd-aea1-a129-200c-53fbfca57274" testName="deveria_instanciar_uma_conexao_com_o_banco" computerName="TORDEK-PC" testType="13cdc9d9-ddb5-4fa4-a97d-d965ccfc6d4b" outcome="NotExecuted" testListId="8c84fa94-04c1-424b-9868-57a2d4851a1d" relativeResultsDirectory="a8ccd9b1-47eb-4b83-8402-40b144391b5c">
    </UnitTestResult>
    <UnitTestResult executionId="b8c37c9b-697b-418b-857a-63d812fa4214" testId="9942daa5-a064-c005-2ef9-636721b2e10a" testName="deveria_ter_o_mesmo_hash" computerName="TORDEK-PC" testType="13cdc9d9-ddb5-4fa4-a97d-d965ccfc6d4b" outcome="NotExecuted" testListId="8c84fa94-04c1-424b-9868-57a2d4851a1d" relativeResultsDirectory="b8c37c9b-697b-418b-857a-63d812fa4214">
    </UnitTestResult>
    <UnitTestResult executionId="892a82d5-1b3a-4806-8a4f-0ed0628dfc59" testId="b019bf55-10f0-69c2-90ef-961bd4361fe3" testName="deveria_buscar_usuario_pelo_Command_denovo" computerName="TORDEK-PC" testType="13cdc9d9-ddb5-4fa4-a97d-d965ccfc6d4b" outcome="NotExecuted" testListId="8c84fa94-04c1-424b-9868-57a2d4851a1d" relativeResultsDirectory="892a82d5-1b3a-4806-8a4f-0ed0628dfc59">
    </UnitTestResult>
    <UnitTestResult executionId="0fa7023f-b7b9-4aa1-b495-8c3d6bfdca5d" testId="bd4154a3-bb77-e24c-6eb0-af1c9ba69852" testName="deveria_trazer_um_DataTable" computerName="TORDEK-PC" testType="13cdc9d9-ddb5-4fa4-a97d-d965ccfc6d4b" outcome="NotExecuted" testListId="8c84fa94-04c1-424b-9868-57a2d4851a1d" relativeResultsDirectory="0fa7023f-b7b9-4aa1-b495-8c3d6bfdca5d">
    </UnitTestResult>
    <UnitTestResult executionId="62f3a194-11cc-488a-a4e3-c683d27eae2f" testId="cbb8e3bf-86c8-2b55-9d46-d67ffd6ca901" testName="deveria_inserir_usuario" computerName="TORDEK-PC" testType="13cdc9d9-ddb5-4fa4-a97d-d965ccfc6d4b" outcome="NotExecuted" testListId="8c84fa94-04c1-424b-9868-57a2d4851a1d" relativeResultsDirectory="62f3a194-11cc-488a-a4e3-c683d27eae2f">
    </UnitTestResult>
    <UnitTestResult executionId="3d2e791c-ecba-465b-85f9-b235a042ce8f" testId="d8d3a8ab-205a-77b5-e05f-6f84170efb50" testName="deveria_trazer_conexao" computerName="TORDEK-PC" testType="13cdc9d9-ddb5-4fa4-a97d-d965ccfc6d4b" outcome="NotExecuted" testListId="8c84fa94-04c1-424b-9868-57a2d4851a1d" relativeResultsDirectory="3d2e791c-ecba-465b-85f9-b235a042ce8f">
    </UnitTestResult>
  </Results>
</TestRun>