<?xml version="1.0" encoding="UTF-8"?>
<TestRun id="740e587f-6101-407d-9008-013376280904" name="Tordek@TORDEK-PC 2010-09-16 21:07:02" runUser="Tordek-PC\Tordek" xmlns="http://microsoft.com/schemas/VisualStudio/TeamTest/2010">
  <TestSettings name="Local" id="c7b5a916-ae87-4048-b6db-272523a01ffc">
    <Description>These are default test settings for a local test run.</Description>
    <Deployment enabled="false" runDeploymentRoot="Tordek_TORDEK-PC 2010-09-16 21_07_02">
      <DeploymentItem filename="C:\Users\Tordek\Documents\Visual Studio 2010\Projects\Banco\Banco\bin\Debug\Banco.dll" />
    </Deployment>
    <Execution>
      <TestTypeSpecific />
      <AgentRule name="Execution Agents">
      </AgentRule>
    </Execution>
  </TestSettings>
  <Times creation="2010-09-16T21:07:02.2909430-03:00" queuing="2010-09-16T21:07:03.2809996-03:00" start="2010-09-16T21:07:03.3490035-03:00" finish="2010-09-16T21:07:13.1095618-03:00" />
  <ResultSummary outcome="Error">
    <Counters total="1" executed="1" error="0" failed="0" timeout="0" aborted="1" inconclusive="0" passedButRunAborted="0" notRunnable="0" notExecuted="0" disconnected="0" warning="0" passed="0" completed="0" inProgress="0" pending="0" />
    <RunInfos>
      <RunInfo computerName="TORDEK-PC" outcome="Error" timestamp="2010-09-16T21:07:13.1065616-03:00">
        <Text>Test host process exited unexpectedly.</Text>
      </RunInfo>
    </RunInfos>
  </ResultSummary>
  <TestDefinitions>
    <UnitTest name="deveria_ler_um_objeto_sqldatareader_duas_vezes" storage="c:\users\tordek\documents\visual studio 2010\projects\banco\reservateste\bin\debug\reservateste.dll" id="65af4af8-fa85-8246-83fb-d31c4b799c87">
      <Execution id="f4f8b5b2-7eb8-4beb-806b-ac72717cf53f" />
      <TestMethod codeBase="C:/Users/Tordek/Documents/Visual Studio 2010/Projects/Banco/ReservaTeste/bin/Debug/ReservaTeste.DLL" adapterTypeName="Microsoft.VisualStudio.TestTools.TestTypes.Unit.UnitTestAdapter, Microsoft.VisualStudio.QualityTools.Tips.UnitTest.Adapter, Version=10.0.0.0, Culture=neutral, PublicKeyToken=b03f5f7f11d50a3a" className="BancoTest.BancoTest, ReservaTeste, Version=1.0.0.0, Culture=neutral, PublicKeyToken=null" name="deveria_ler_um_objeto_sqldatareader_duas_vezes" />
    </UnitTest>
  </TestDefinitions>
  <TestLists>
    <TestList name="Results Not in a List" id="8c84fa94-04c1-424b-9868-57a2d4851a1d" />
    <TestList name="All Loaded Results" id="19431567-8539-422a-85d7-44ee4e166bda" />
  </TestLists>
  <TestEntries>
    <TestEntry testId="65af4af8-fa85-8246-83fb-d31c4b799c87" executionId="f4f8b5b2-7eb8-4beb-806b-ac72717cf53f" testListId="8c84fa94-04c1-424b-9868-57a2d4851a1d" />
  </TestEntries>
  <Results>
    <UnitTestResult executionId="f4f8b5b2-7eb8-4beb-806b-ac72717cf53f" testId="65af4af8-fa85-8246-83fb-d31c4b799c87" testName="deveria_ler_um_objeto_sqldatareader_duas_vezes" computerName="TORDEK-PC" duration="00:00:09.7055552" startTime="2010-09-16T21:07:03.4040066-03:00" endTime="2010-09-16T21:07:13.1095618-03:00" testType="13cdc9d9-ddb5-4fa4-a97d-d965ccfc6d4b" outcome="Aborted" testListId="8c84fa94-04c1-424b-9868-57a2d4851a1d" relativeResultsDirectory="f4f8b5b2-7eb8-4beb-806b-ac72717cf53f">
    </UnitTestResult>
  </Results>
</TestRun>