<?xml version="1.0" encoding="UTF-8"?>
<TestRun id="01c1c14b-6585-4aa2-99ea-7b3afe20e56a" name="Tordek@TORDEK-PC 2010-09-16 21:04:34" runUser="Tordek-PC\Tordek" xmlns="http://microsoft.com/schemas/VisualStudio/TeamTest/2010">
  <TestSettings name="Local" id="c7b5a916-ae87-4048-b6db-272523a01ffc">
    <Description>These are default test settings for a local test run.</Description>
    <Deployment enabled="false" runDeploymentRoot="Tordek_TORDEK-PC 2010-09-16 21_04_34">
      <DeploymentItem filename="C:\Users\Tordek\Documents\Visual Studio 2010\Projects\Banco\Banco\bin\Debug\Banco.dll" />
    </Deployment>
    <Execution>
      <TestTypeSpecific />
      <AgentRule name="Execution Agents">
      </AgentRule>
    </Execution>
  </TestSettings>
  <Times creation="2010-09-16T21:04:34.8795115-03:00" queuing="2010-09-16T21:04:35.8705682-03:00" start="2010-09-16T21:04:35.9425723-03:00" finish="2010-09-16T21:04:40.0598078-03:00" />
  <ResultSummary outcome="Error">
    <Counters total="1" executed="1" error="0" failed="0" timeout="0" aborted="1" inconclusive="0" passedButRunAborted="0" notRunnable="0" notExecuted="0" disconnected="0" warning="0" passed="0" completed="0" inProgress="0" pending="0" />
    <RunInfos>
      <RunInfo computerName="TORDEK-PC" outcome="Error" timestamp="2010-09-16T21:04:40.0568076-03:00">
        <Text>Test host process exited unexpectedly.</Text>
      </RunInfo>
    </RunInfos>
  </ResultSummary>
  <TestDefinitions>
    <UnitTest name="deveria_ler_um_objeto_sqldatareader_duas_vezes" storage="c:\users\tordek\documents\visual studio 2010\projects\banco\reservateste\bin\debug\reservateste.dll" id="65af4af8-fa85-8246-83fb-d31c4b799c87">
      <Execution id="114c9d90-b99a-480c-9df2-6dd2abe05544" />
      <TestMethod codeBase="C:/Users/Tordek/Documents/Visual Studio 2010/Projects/Banco/ReservaTeste/bin/Debug/ReservaTeste.DLL" adapterTypeName="Microsoft.VisualStudio.TestTools.TestTypes.Unit.UnitTestAdapter, Microsoft.VisualStudio.QualityTools.Tips.UnitTest.Adapter, Version=10.0.0.0, Culture=neutral, PublicKeyToken=b03f5f7f11d50a3a" className="BancoTest.BancoTest, ReservaTeste, Version=1.0.0.0, Culture=neutral, PublicKeyToken=null" name="deveria_ler_um_objeto_sqldatareader_duas_vezes" />
    </UnitTest>
  </TestDefinitions>
  <TestLists>
    <TestList name="Results Not in a List" id="8c84fa94-04c1-424b-9868-57a2d4851a1d" />
    <TestList name="All Loaded Results" id="19431567-8539-422a-85d7-44ee4e166bda" />
  </TestLists>
  <TestEntries>
    <TestEntry testId="65af4af8-fa85-8246-83fb-d31c4b799c87" executionId="114c9d90-b99a-480c-9df2-6dd2abe05544" testListId="8c84fa94-04c1-424b-9868-57a2d4851a1d" />
  </TestEntries>
  <Results>
    <UnitTestResult executionId="114c9d90-b99a-480c-9df2-6dd2abe05544" testId="65af4af8-fa85-8246-83fb-d31c4b799c87" testName="deveria_ler_um_objeto_sqldatareader_duas_vezes" computerName="TORDEK-PC" duration="00:00:04.0812334" startTime="2010-09-16T21:04:35.9785744-03:00" endTime="2010-09-16T21:04:40.0598078-03:00" testType="13cdc9d9-ddb5-4fa4-a97d-d965ccfc6d4b" outcome="Aborted" testListId="8c84fa94-04c1-424b-9868-57a2d4851a1d" relativeResultsDirectory="114c9d90-b99a-480c-9df2-6dd2abe05544">
    </UnitTestResult>
  </Results>
</TestRun>