<?xml version="1.0" encoding="UTF-8"?>
<TestRun id="16e3fea1-8914-4bd3-a700-fed79dc15818" name="Tordek@TORDEK-PC 2010-09-16 21:31:59" runUser="Tordek-PC\Tordek" xmlns="http://microsoft.com/schemas/VisualStudio/TeamTest/2010">
  <TestSettings name="Local" id="c7b5a916-ae87-4048-b6db-272523a01ffc">
    <Description>These are default test settings for a local test run.</Description>
    <Deployment enabled="false" runDeploymentRoot="Tordek_TORDEK-PC 2010-09-16 21_31_59">
      <DeploymentItem filename="C:\Users\Tordek\Documents\Visual Studio 2010\Projects\Banco\Banco\bin\Debug\Banco.dll" />
    </Deployment>
    <Execution>
      <TestTypeSpecific />
      <AgentRule name="Execution Agents">
      </AgentRule>
    </Execution>
  </TestSettings>
  <Times creation="2010-09-16T21:31:59.5846150-03:00" queuing="2010-09-16T21:32:00.5050166-03:00" start="2010-09-16T21:32:00.6454169-03:00" finish="2010-09-16T21:32:03.4222217-03:00" />
  <ResultSummary outcome="Completed">
    <Counters total="1" executed="1" passed="1" error="0" failed="0" timeout="0" aborted="0" inconclusive="0" passedButRunAborted="0" notRunnable="0" notExecuted="0" disconnected="0" warning="0" completed="0" inProgress="0" pending="0" />
  </ResultSummary>
  <TestDefinitions>
    <UnitTest name="deveria_trazer_um_DataTable_com_contedo" storage="c:\users\tordek\documents\visual studio 2010\projects\banco\reservateste\bin\debug\reservateste.dll" id="4101630f-354f-73bc-96fc-c0c91d3301a3">
      <Execution id="e15f57d5-092a-479e-b7c5-cd81b696e0c2" />
      <TestMethod codeBase="C:/Users/Tordek/Documents/Visual Studio 2010/Projects/Banco/ReservaTeste/bin/Debug/ReservaTeste.DLL" adapterTypeName="Microsoft.VisualStudio.TestTools.TestTypes.Unit.UnitTestAdapter, Microsoft.VisualStudio.QualityTools.Tips.UnitTest.Adapter, Version=10.0.0.0, Culture=neutral, PublicKeyToken=b03f5f7f11d50a3a" className="BancoTest.BancoTest, ReservaTeste, Version=1.0.0.0, Culture=neutral, PublicKeyToken=null" name="deveria_trazer_um_DataTable_com_contedo" />
    </UnitTest>
  </TestDefinitions>
  <TestLists>
    <TestList name="Results Not in a List" id="8c84fa94-04c1-424b-9868-57a2d4851a1d" />
    <TestList name="All Loaded Results" id="19431567-8539-422a-85d7-44ee4e166bda" />
  </TestLists>
  <TestEntries>
    <TestEntry testId="4101630f-354f-73bc-96fc-c0c91d3301a3" executionId="e15f57d5-092a-479e-b7c5-cd81b696e0c2" testListId="8c84fa94-04c1-424b-9868-57a2d4851a1d" />
  </TestEntries>
  <Results>
    <UnitTestResult executionId="e15f57d5-092a-479e-b7c5-cd81b696e0c2" testId="4101630f-354f-73bc-96fc-c0c91d3301a3" testName="deveria_trazer_um_DataTable_com_contedo" computerName="TORDEK-PC" duration="00:00:00.0712040" startTime="2010-09-16T21:32:00.7702171-03:00" endTime="2010-09-16T21:32:01.7218187-03:00" testType="13cdc9d9-ddb5-4fa4-a97d-d965ccfc6d4b" outcome="Passed" testListId="8c84fa94-04c1-424b-9868-57a2d4851a1d" relativeResultsDirectory="e15f57d5-092a-479e-b7c5-cd81b696e0c2">
    </UnitTestResult>
  </Results>
</TestRun>