<?xml version="1.0" encoding="UTF-8"?>
<TestRun id="7bc67cbb-45c8-4a1d-bc83-12f8c187a8c5" name="Tordek@TORDEK-PC 2010-09-25 15:35:59" runUser="Tordek-PC\Tordek" xmlns="http://microsoft.com/schemas/VisualStudio/TeamTest/2010">
  <TestSettings name="Local" id="c7b5a916-ae87-4048-b6db-272523a01ffc">
    <Description>These are default test settings for a local test run.</Description>
    <Deployment enabled="false" runDeploymentRoot="Tordek_TORDEK-PC 2010-09-25 15_35_59">
      <DeploymentItem filename="C:\Users\Tordek\Documents\Visual Studio 2010\Projects\Banco\Banco\bin\Debug\Banco.dll" />
    </Deployment>
    <Execution>
      <TestTypeSpecific />
      <AgentRule name="Execution Agents">
      </AgentRule>
    </Execution>
  </TestSettings>
  <Times creation="2010-09-25T15:35:59.5101593-03:00" queuing="2010-09-25T15:36:00.4112108-03:00" start="2010-09-25T15:36:00.5392181-03:00" finish="2010-09-25T15:36:03.2233717-03:00" />
  <ResultSummary outcome="Completed">
    <Counters total="1" executed="1" passed="1" error="0" failed="0" timeout="0" aborted="0" inconclusive="0" passedButRunAborted="0" notRunnable="0" notExecuted="0" disconnected="0" warning="0" completed="0" inProgress="0" pending="0" />
  </ResultSummary>
  <TestDefinitions>
    <UnitTest name="deveria_trazer_um_DataTable_com_contedo" storage="c:\users\tordek\documents\visual studio 2010\projects\banco\reservateste\bin\debug\reservateste.dll" id="4101630f-354f-73bc-96fc-c0c91d3301a3">
      <Execution id="54f6260c-7b49-46b2-afc4-5542658621cd" />
      <TestMethod codeBase="C:/Users/Tordek/Documents/Visual Studio 2010/Projects/Banco/ReservaTeste/bin/Debug/ReservaTeste.DLL" adapterTypeName="Microsoft.VisualStudio.TestTools.TestTypes.Unit.UnitTestAdapter, Microsoft.VisualStudio.QualityTools.Tips.UnitTest.Adapter, Version=10.0.0.0, Culture=neutral, PublicKeyToken=b03f5f7f11d50a3a" className="BancoTest.BancoTest, ReservaTeste, Version=1.0.0.0, Culture=neutral, PublicKeyToken=null" name="deveria_trazer_um_DataTable_com_contedo" />
    </UnitTest>
  </TestDefinitions>
  <TestLists>
    <TestList name="Results Not in a List" id="8c84fa94-04c1-424b-9868-57a2d4851a1d" />
    <TestList name="All Loaded Results" id="19431567-8539-422a-85d7-44ee4e166bda" />
  </TestLists>
  <TestEntries>
    <TestEntry testId="4101630f-354f-73bc-96fc-c0c91d3301a3" executionId="54f6260c-7b49-46b2-afc4-5542658621cd" testListId="8c84fa94-04c1-424b-9868-57a2d4851a1d" />
  </TestEntries>
  <Results>
    <UnitTestResult executionId="54f6260c-7b49-46b2-afc4-5542658621cd" testId="4101630f-354f-73bc-96fc-c0c91d3301a3" testName="deveria_trazer_um_DataTable_com_contedo" computerName="TORDEK-PC" duration="00:00:00.0872490" startTime="2010-09-25T15:36:00.6662254-03:00" endTime="2010-09-25T15:36:01.6322807-03:00" testType="13cdc9d9-ddb5-4fa4-a97d-d965ccfc6d4b" outcome="Passed" testListId="8c84fa94-04c1-424b-9868-57a2d4851a1d" relativeResultsDirectory="54f6260c-7b49-46b2-afc4-5542658621cd">
    </UnitTestResult>
  </Results>
</TestRun>