<?xml version="1.0" encoding="UTF-8"?>
<TestRun id="bc60a0cd-9d31-4a2c-a178-a13ce1aef02c" name="Tordek@TORDEK-PC 2010-09-16 21:29:59" runUser="Tordek-PC\Tordek" xmlns="http://microsoft.com/schemas/VisualStudio/TeamTest/2010">
  <TestSettings name="Local" id="c7b5a916-ae87-4048-b6db-272523a01ffc">
    <Description>These are default test settings for a local test run.</Description>
    <Deployment enabled="false" runDeploymentRoot="Tordek_TORDEK-PC 2010-09-16 21_29_59">
      <DeploymentItem filename="C:\Users\Tordek\Documents\Visual Studio 2010\Projects\Banco\Banco\bin\Debug\Banco.dll" />
    </Deployment>
    <Execution>
      <TestTypeSpecific />
      <AgentRule name="Execution Agents">
      </AgentRule>
    </Execution>
  </TestSettings>
  <Times creation="2010-09-16T21:29:59.4916044-03:00" queuing="2010-09-16T21:30:00.4276060-03:00" start="2010-09-16T21:30:00.5836063-03:00" finish="2010-09-16T21:30:01.7068083-03:00" />
  <ResultSummary outcome="Completed">
    <Counters total="1" executed="1" passed="1" error="0" failed="0" timeout="0" aborted="0" inconclusive="0" passedButRunAborted="0" notRunnable="0" notExecuted="0" disconnected="0" warning="0" completed="0" inProgress="0" pending="0" />
  </ResultSummary>
  <TestDefinitions>
    <UnitTest name="deveria_trazer_um_DataTable" storage="c:\users\tordek\documents\visual studio 2010\projects\banco\reservateste\bin\debug\reservateste.dll" id="bd4154a3-bb77-e24c-6eb0-af1c9ba69852">
      <Execution id="1eccb6b8-7461-484e-a1a7-6f846ea8c0f0" />
      <TestMethod codeBase="C:/Users/Tordek/Documents/Visual Studio 2010/Projects/Banco/ReservaTeste/bin/Debug/ReservaTeste.DLL" adapterTypeName="Microsoft.VisualStudio.TestTools.TestTypes.Unit.UnitTestAdapter, Microsoft.VisualStudio.QualityTools.Tips.UnitTest.Adapter, Version=10.0.0.0, Culture=neutral, PublicKeyToken=b03f5f7f11d50a3a" className="BancoTest.BancoTest, ReservaTeste, Version=1.0.0.0, Culture=neutral, PublicKeyToken=null" name="deveria_trazer_um_DataTable" />
    </UnitTest>
  </TestDefinitions>
  <TestLists>
    <TestList name="Results Not in a List" id="8c84fa94-04c1-424b-9868-57a2d4851a1d" />
    <TestList name="All Loaded Results" id="19431567-8539-422a-85d7-44ee4e166bda" />
  </TestLists>
  <TestEntries>
    <TestEntry testId="bd4154a3-bb77-e24c-6eb0-af1c9ba69852" executionId="1eccb6b8-7461-484e-a1a7-6f846ea8c0f0" testListId="8c84fa94-04c1-424b-9868-57a2d4851a1d" />
  </TestEntries>
  <Results>
    <UnitTestResult executionId="1eccb6b8-7461-484e-a1a7-6f846ea8c0f0" testId="bd4154a3-bb77-e24c-6eb0-af1c9ba69852" testName="deveria_trazer_um_DataTable" computerName="TORDEK-PC" duration="00:00:00.0743974" startTime="2010-09-16T21:30:00.7084065-03:00" endTime="2010-09-16T21:30:01.6288081-03:00" testType="13cdc9d9-ddb5-4fa4-a97d-d965ccfc6d4b" outcome="Passed" testListId="8c84fa94-04c1-424b-9868-57a2d4851a1d" relativeResultsDirectory="1eccb6b8-7461-484e-a1a7-6f846ea8c0f0">
    </UnitTestResult>
  </Results>
</TestRun>