<?xml version="1.0" encoding="UTF-8"?>
<TestRun id="42174011-8c4d-4abd-9504-e7ae13c13254" name="Tordek@TORDEK-PC 2010-09-25 15:20:43" runUser="Tordek-PC\Tordek" xmlns="http://microsoft.com/schemas/VisualStudio/TeamTest/2010">
  <TestSettings name="Local" id="c7b5a916-ae87-4048-b6db-272523a01ffc">
    <Description>These are default test settings for a local test run.</Description>
    <Deployment enabled="false" runDeploymentRoot="Tordek_TORDEK-PC 2010-09-25 15_20_43">
      <DeploymentItem filename="C:\Users\Tordek\Documents\Visual Studio 2010\Projects\Banco\Banco\bin\Debug\Banco.dll" />
    </Deployment>
    <Execution>
      <TestTypeSpecific />
      <AgentRule name="Execution Agents">
      </AgentRule>
    </Execution>
  </TestSettings>
  <Times creation="2010-09-25T15:20:43.3881852-03:00" queuing="2010-09-25T15:20:44.3012072-03:00" start="2010-09-25T15:20:44.4416074-03:00" finish="2010-09-25T15:20:58.2357664-03:00" />
  <ResultSummary outcome="Error">
    <Counters total="1" executed="1" error="0" failed="0" timeout="0" aborted="1" inconclusive="0" passedButRunAborted="0" notRunnable="0" notExecuted="0" disconnected="0" warning="0" passed="0" completed="0" inProgress="0" pending="0" />
    <RunInfos>
      <RunInfo computerName="TORDEK-PC" outcome="Error" timestamp="2010-09-25T15:20:58.2357664-03:00">
        <Text>Test host process exited unexpectedly.</Text>
      </RunInfo>
    </RunInfos>
  </ResultSummary>
  <TestDefinitions>
    <UnitTest name="deveria_trazer_um_DataTable_com_contedo" storage="c:\users\tordek\documents\visual studio 2010\projects\banco\reservateste\bin\debug\reservateste.dll" id="4101630f-354f-73bc-96fc-c0c91d3301a3">
      <Execution id="f7387455-7877-4540-952e-278b727dc686" />
      <TestMethod codeBase="C:/Users/Tordek/Documents/Visual Studio 2010/Projects/Banco/ReservaTeste/bin/Debug/ReservaTeste.DLL" adapterTypeName="Microsoft.VisualStudio.TestTools.TestTypes.Unit.UnitTestAdapter, Microsoft.VisualStudio.QualityTools.Tips.UnitTest.Adapter, Version=10.0.0.0, Culture=neutral, PublicKeyToken=b03f5f7f11d50a3a" className="BancoTest.BancoTest, ReservaTeste, Version=1.0.0.0, Culture=neutral, PublicKeyToken=null" name="deveria_trazer_um_DataTable_com_contedo" />
    </UnitTest>
  </TestDefinitions>
  <TestLists>
    <TestList name="Results Not in a List" id="8c84fa94-04c1-424b-9868-57a2d4851a1d" />
    <TestList name="All Loaded Results" id="19431567-8539-422a-85d7-44ee4e166bda" />
  </TestLists>
  <TestEntries>
    <TestEntry testId="4101630f-354f-73bc-96fc-c0c91d3301a3" executionId="f7387455-7877-4540-952e-278b727dc686" testListId="8c84fa94-04c1-424b-9868-57a2d4851a1d" />
  </TestEntries>
  <Results>
    <UnitTestResult executionId="f7387455-7877-4540-952e-278b727dc686" testId="4101630f-354f-73bc-96fc-c0c91d3301a3" testName="deveria_trazer_um_DataTable_com_contedo" computerName="TORDEK-PC" duration="00:00:13.6693587" startTime="2010-09-25T15:20:44.5664077-03:00" endTime="2010-09-25T15:20:58.2357664-03:00" testType="13cdc9d9-ddb5-4fa4-a97d-d965ccfc6d4b" outcome="Aborted" testListId="8c84fa94-04c1-424b-9868-57a2d4851a1d" relativeResultsDirectory="f7387455-7877-4540-952e-278b727dc686">
    </UnitTestResult>
  </Results>
</TestRun>