<?xml version="1.0" encoding="UTF-8"?>
<TestRun id="5d7c5acb-a324-4172-ae81-0b0fb844b569" name="Tordek@TORDEK-PC 2010-09-25 15:33:27" runUser="Tordek-PC\Tordek" xmlns="http://microsoft.com/schemas/VisualStudio/TeamTest/2010">
  <TestSettings name="Local" id="c7b5a916-ae87-4048-b6db-272523a01ffc">
    <Description>These are default test settings for a local test run.</Description>
    <Deployment enabled="false" runDeploymentRoot="Tordek_TORDEK-PC 2010-09-25 15_33_27">
      <DeploymentItem filename="C:\Users\Tordek\Documents\Visual Studio 2010\Projects\Banco\Banco\bin\Debug\Banco.dll" />
    </Deployment>
    <Execution>
      <TestTypeSpecific />
      <AgentRule name="Execution Agents">
      </AgentRule>
    </Execution>
  </TestSettings>
  <Times creation="2010-09-25T15:33:27.8438250-03:00" queuing="2010-09-25T15:33:28.7626750-03:00" start="2010-09-25T15:33:28.8874752-03:00" finish="2010-09-25T15:34:01.4644799-03:00" />
  <ResultSummary outcome="Error">
    <Counters total="1" executed="1" error="0" failed="0" timeout="0" aborted="1" inconclusive="0" passedButRunAborted="0" notRunnable="0" notExecuted="0" disconnected="0" warning="0" passed="0" completed="0" inProgress="0" pending="0" />
    <RunInfos>
      <RunInfo computerName="TORDEK-PC" outcome="Error" timestamp="2010-09-25T15:34:01.4614797-03:00">
        <Text>Test host process exited unexpectedly.</Text>
      </RunInfo>
    </RunInfos>
  </ResultSummary>
  <TestDefinitions>
    <UnitTest name="deveria_inserir_usuario" storage="c:\users\tordek\documents\visual studio 2010\projects\banco\reservateste\bin\debug\reservateste.dll" id="cbb8e3bf-86c8-2b55-9d46-d67ffd6ca901">
      <Execution id="713184c2-93eb-4e85-b2c7-d6aeb48d03a0" />
      <TestMethod codeBase="C:/Users/Tordek/Documents/Visual Studio 2010/Projects/Banco/ReservaTeste/bin/Debug/ReservaTeste.DLL" adapterTypeName="Microsoft.VisualStudio.TestTools.TestTypes.Unit.UnitTestAdapter, Microsoft.VisualStudio.QualityTools.Tips.UnitTest.Adapter, Version=10.0.0.0, Culture=neutral, PublicKeyToken=b03f5f7f11d50a3a" className="BancoTest.BancoTest, ReservaTeste, Version=1.0.0.0, Culture=neutral, PublicKeyToken=null" name="deveria_inserir_usuario" />
    </UnitTest>
  </TestDefinitions>
  <TestLists>
    <TestList name="Results Not in a List" id="8c84fa94-04c1-424b-9868-57a2d4851a1d" />
    <TestList name="All Loaded Results" id="19431567-8539-422a-85d7-44ee4e166bda" />
  </TestLists>
  <TestEntries>
    <TestEntry testId="cbb8e3bf-86c8-2b55-9d46-d67ffd6ca901" executionId="713184c2-93eb-4e85-b2c7-d6aeb48d03a0" testListId="8c84fa94-04c1-424b-9868-57a2d4851a1d" />
  </TestEntries>
  <Results>
    <UnitTestResult executionId="713184c2-93eb-4e85-b2c7-d6aeb48d03a0" testId="cbb8e3bf-86c8-2b55-9d46-d67ffd6ca901" testName="deveria_inserir_usuario" computerName="TORDEK-PC" duration="00:00:32.4522045" startTime="2010-09-25T15:33:29.0122754-03:00" endTime="2010-09-25T15:34:01.4644799-03:00" testType="13cdc9d9-ddb5-4fa4-a97d-d965ccfc6d4b" outcome="Aborted" testListId="8c84fa94-04c1-424b-9868-57a2d4851a1d" relativeResultsDirectory="713184c2-93eb-4e85-b2c7-d6aeb48d03a0">
    </UnitTestResult>
  </Results>
</TestRun>