<?xml version="1.0" encoding="UTF-8"?>
<TestRun id="48d4dc1a-bb34-4049-9e25-d798798128f3" name="Tordek@TORDEK-PC 2010-09-16 21:04:55" runUser="Tordek-PC\Tordek" xmlns="http://microsoft.com/schemas/VisualStudio/TeamTest/2010">
  <TestSettings name="Local" id="c7b5a916-ae87-4048-b6db-272523a01ffc">
    <Description>These are default test settings for a local test run.</Description>
    <Deployment userDeploymentRoot="C:\Users\Tordek\Documents\Visual Studio 2010\Projects\Banco\TestResults" useDefaultDeploymentRoot="false" enabled="false" runDeploymentRoot="Tordek_TORDEK-PC 2010-09-16 21_04_55">
      <DeploymentItem filename="C:\Users\Tordek\Documents\Visual Studio 2010\Projects\Banco\Banco\bin\Debug\Banco.dll" />
    </Deployment>
    <Execution>
      <TestTypeSpecific />
      <AgentRule name="Execution Agents">
      </AgentRule>
    </Execution>
  </TestSettings>
  <Times creation="2010-09-16T21:04:55.3486823-03:00" queuing="2010-09-16T21:04:55.5206921-03:00" start="2010-09-16T21:04:55.5616945-03:00" finish="2010-09-16T21:04:55.8997138-03:00" />
  <ResultSummary outcome="Failed">
    <Counters total="1" executed="1" error="0" failed="1" timeout="0" aborted="0" inconclusive="0" passedButRunAborted="0" notRunnable="0" notExecuted="0" disconnected="0" warning="0" passed="0" completed="0" inProgress="0" pending="0" />
  </ResultSummary>
  <TestDefinitions>
    <UnitTest name="deveria_ler_um_objeto_sqldatareader_duas_vezes" storage="c:\users\tordek\documents\visual studio 2010\projects\banco\reservateste\bin\debug\reservateste.dll" id="65af4af8-fa85-8246-83fb-d31c4b799c87">
      <Execution id="5985c00f-37ea-457f-8ab5-fb97af2a4aee" />
      <TestMethod codeBase="C:/Users/Tordek/Documents/Visual Studio 2010/Projects/Banco/ReservaTeste/bin/Debug/ReservaTeste.DLL" adapterTypeName="Microsoft.VisualStudio.TestTools.TestTypes.Unit.UnitTestAdapter, Microsoft.VisualStudio.QualityTools.Tips.UnitTest.Adapter, Version=10.0.0.0, Culture=neutral, PublicKeyToken=b03f5f7f11d50a3a" className="BancoTest.BancoTest, ReservaTeste, Version=1.0.0.0, Culture=neutral, PublicKeyToken=null" name="deveria_ler_um_objeto_sqldatareader_duas_vezes" />
    </UnitTest>
  </TestDefinitions>
  <TestLists>
    <TestList name="Results Not in a List" id="8c84fa94-04c1-424b-9868-57a2d4851a1d" />
    <TestList name="All Loaded Results" id="19431567-8539-422a-85d7-44ee4e166bda" />
  </TestLists>
  <TestEntries>
    <TestEntry testId="65af4af8-fa85-8246-83fb-d31c4b799c87" executionId="5985c00f-37ea-457f-8ab5-fb97af2a4aee" testListId="8c84fa94-04c1-424b-9868-57a2d4851a1d" />
  </TestEntries>
  <Results>
    <UnitTestResult executionId="5985c00f-37ea-457f-8ab5-fb97af2a4aee" testId="65af4af8-fa85-8246-83fb-d31c4b799c87" testName="deveria_ler_um_objeto_sqldatareader_duas_vezes" computerName="TORDEK-PC" duration="00:00:00.0651533" startTime="2010-09-16T21:04:55.5696949-03:00" endTime="2010-09-16T21:04:55.8757124-03:00" testType="13cdc9d9-ddb5-4fa4-a97d-d965ccfc6d4b" outcome="Failed" testListId="8c84fa94-04c1-424b-9868-57a2d4851a1d" relativeResultsDirectory="5985c00f-37ea-457f-8ab5-fb97af2a4aee">
      <Output>
        <ErrorInfo>
          <Message>Test method BancoTest.BancoTest.deveria_ler_um_objeto_sqldatareader_duas_vezes threw exception: 
System.InvalidOperationException: The connection was not closed. The connection's current state is open.</Message>
          <StackTrace>    at System.Data.ProviderBase.DbConnectionInternal.OpenConnection(DbConnection outerConnection, DbConnectionFactory connectionFactory)
   at System.Data.SqlClient.SqlConnection.Open()
   at Reserva.Banco.BD.Reader(String query) in C:\Users\Tordek\Documents\Visual Studio 2010\Projects\Banco\Banco\Banco.cs:line 32
   at BancoTest.BancoTest.deveria_ler_um_objeto_sqldatareader_duas_vezes() in C:\Users\Tordek\Documents\Visual Studio 2010\Projects\Banco\ReservaTeste\BancoTest.cs:line 118
</StackTrace>
        </ErrorInfo>
      </Output>
    </UnitTestResult>
  </Results>
</TestRun>